#
# A fatal error has been detected by the Java Runtime Environment:
#
#  SIGSEGV (0xb) at pc=0x00007ff8026bd21d, pid=11512, tid=259
#
# JRE version: Java(TM) SE Runtime Environment (22.0.2+9) (build 22.0.2+9-70)
# Java VM: Java HotSpot(TM) 64-Bit Server VM (22.0.2+9-70, mixed mode, sharing, tiered, compressed oops, compressed class ptrs, g1 gc, bsd-amd64)
# Problematic frame:
# C  [libobjc.A.dylib+0x721d]  objc_msgSend+0x1d
#
# No core dump will be written. Core dumps have been disabled. To enable core dumping, try "ulimit -c unlimited" before starting Java again
#
# If you would like to submit a bug report, please visit:
#   https://bugreport.java.com/bugreport/crash.jsp
# The crash happened outside the Java Virtual Machine in native code.
# See problematic frame for where to report the bug.
#

---------------  S U M M A R Y ------------

Command Line: -javaagent:/Applications/IntelliJ IDEA.app/Contents/lib/idea_rt.jar=53426:/Applications/IntelliJ IDEA.app/Contents/bin -Dfile.encoding=UTF-8 -Dsun.stdout.encoding=UTF-8 -Dsun.stderr.encoding=UTF-8 Authentication.UserLogin

Host: "MacBookAir7,2" x86_64 1800 MHz, 4 cores, 8G, Darwin 21.6.0, macOS 12.7.6 (21H1320)
Time: Mon May 19 21:52:21 2025 PKT elapsed time: 2.380721 seconds (0d 0h 0m 2s)

---------------  T H R E A D  ---------------

Current thread (0x00007fd97001a600):  JavaThread "AppKit Thread" daemon [_thread_in_native, id=259, stack(0x00007ff7bb789000,0x00007ff7bbf89000) (8192K)]

Stack: [0x00007ff7bb789000,0x00007ff7bbf89000],  sp=0x00007ff7bbf82e98,  free space=8167k
Native frames: (J=compiled Java code, j=interpreted, Vv=VM code, C=native code)
C  [libobjc.A.dylib+0x721d]  objc_msgSend+0x1d
j  sun.java2d.metal.MTLLayer.blitTexture(J)V+0 java.desktop@22.0.2
j  sun.java2d.metal.MTLLayer.lambda$drawInMTLContext$4(J)V+1 java.desktop@22.0.2
j  sun.java2d.metal.MTLLayer$$Lambda+0x0000000125189a88.run(J)V+1 java.desktop@22.0.2
j  sun.lwawt.macosx.CFRetainedResource.execute(Lsun/lwawt/macosx/CFRetainedResource$CFNativeAction;)V+23 java.desktop@22.0.2
j  sun.java2d.metal.MTLLayer.drawInMTLContext()V+14 java.desktop@22.0.2
v  ~StubRoutines::call_stub 0x00000001199dccc6
V  [libjvm.dylib+0x589cdf]  JavaCalls::call_helper(JavaValue*, methodHandle const&, JavaCallArguments*, JavaThread*)+0x2cf
V  [libjvm.dylib+0x5f83c2]  jni_invoke_nonstatic(JNIEnv_*, JavaValue*, _jobject*, JNICallType, _jmethodID*, JNI_ArgumentPusher*, JavaThread*)+0x3e2
V  [libjvm.dylib+0x5fd0cb]  jni_CallVoidMethod+0x17b
C  [libawt_lwawt.dylib+0x75b06]  -[MTLLayer blitCallback]+0x296
C  [libawt_lwawt.dylib+0x75c3f]  -[MTLLayer display]+0x5f
C  [QuartzCore+0x2162b]  CA::Layer::display_if_needed(CA::Transaction*)+0x369
C  [QuartzCore+0x178f86]  CA::Context::commit_transaction(CA::Transaction*, double, double*)+0x280
C  [QuartzCore+0x2a89]  CA::Transaction::commit()+0x309
C  [AppKit+0x1aad71]  __62+[CATransaction(NSCATransaction) NS_setFlushesWithDisplayLink]_block_invoke+0x11d
C  [AppKit+0x8f2d3c]  ___NSRunLoopObserverCreateWithHandler_block_invoke+0x29
C  [CoreFoundation+0x7f450]  __CFRUNLOOP_IS_CALLING_OUT_TO_AN_OBSERVER_CALLBACK_FUNCTION__+0x17
C  [CoreFoundation+0x7f2e2]  __CFRunLoopDoObservers+0x21f
C  [CoreFoundation+0x7e774]  __CFRunLoopRun+0x348
C  [CoreFoundation+0x7dd6c]  CFRunLoopRunSpecific+0x232
C  [HIToolbox+0x2e5e6]  RunCurrentEventLoopInMode+0x124
C  [HIToolbox+0x2e34a]  ReceiveNextEventCommon+0x252
C  [HIToolbox+0x2e0e5]  _BlockUntilNextEventMatchingListInModeWithFilter+0x46
C  [AppKit+0x3eaa9]  _DPSNextEvent+0x39f
C  [AppKit+0x3d166]  -[NSApplication(NSEvent) _nextEventMatchingEventMask:untilDate:inMode:dequeue:]+0x572
C  [libosxapp.dylib+0x41fa]  -[NSApplicationAWT nextEventMatchingMask:untilDate:inMode:dequeue:]+0x7a
C  [AppKit+0x2f818]  -[NSApplication run]+0x24a
C  [libosxapp.dylib+0x3fc0]  +[NSApplicationAWT runAWTLoopWithApp:]+0xa0
C  [libawt_lwawt.dylib+0x6e077]  +[AWTStarter starter:headless:]+0x1d7
C  [libosxapp.dylib+0x5ccf]  +[ThreadUtilities invokeBlockCopy:]+0xf
C  [Foundation+0x81337]  __NSThreadPerformPerform+0xb3
C  [CoreFoundation+0x800ab]  __CFRUNLOOP_IS_CALLING_OUT_TO_A_SOURCE0_PERFORM_FUNCTION__+0x11
C  [CoreFoundation+0x80013]  __CFRunLoopDoSource0+0xb4
C  [CoreFoundation+0x7fd8d]  __CFRunLoopDoSources0+0xf2
C  [CoreFoundation+0x7e7a8]  __CFRunLoopRun+0x37c
C  [CoreFoundation+0x7dd6c]  CFRunLoopRunSpecific+0x232
C  [libjli.dylib+0x6f72]  CreateExecutionEnvironment+0x182
C  [libjli.dylib+0x272f]  JLI_Launch+0x53f
C  [java+0x3c1b]  main+0x17b
C  0x00000001123f252e
Java frames: (J=compiled Java code, j=interpreted, Vv=VM code)
j  sun.java2d.metal.MTLLayer.blitTexture(J)V+0 java.desktop@22.0.2
j  sun.java2d.metal.MTLLayer.lambda$drawInMTLContext$4(J)V+1 java.desktop@22.0.2
j  sun.java2d.metal.MTLLayer$$Lambda+0x0000000125189a88.run(J)V+1 java.desktop@22.0.2
j  sun.lwawt.macosx.CFRetainedResource.execute(Lsun/lwawt/macosx/CFRetainedResource$CFNativeAction;)V+23 java.desktop@22.0.2
j  sun.java2d.metal.MTLLayer.drawInMTLContext()V+14 java.desktop@22.0.2
v  ~StubRoutines::call_stub 0x00000001199dccc6

siginfo: si_signo: 11 (SIGSEGV), si_code: 1 (SEGV_MAPERR), si_addr: 0x0000000000000018

Registers:
RAX=0x00007fd970a41a00, RBX=0x0000600000780690, RCX=0x00007fd9720090c8, RDX=0x0000000000000000
RSP=0x00007ff7bbf82e98, RBP=0x00007ff7bbf82fd0, RSI=0x00007ff81ccbd27f, RDI=0x00007fd970a41a00
R8 =0x00007fd972009038, R9 =0xfffeffffffffffff, R10=0x0000000000000000, R11=0x00007ff81ccbd27f
R12=0x00007ff81cd06a21, R13=0x00007fd9720090c0, R14=0x00007ff8026bd200, R15=0x00007ff81ccb1fb2
RIP=0x00007ff8026bd21d, EFLAGS=0x0000000000010246, ERR=0x0000000000000004
  TRAPNO=0x000000000000000e


Register to memory mapping:

RAX=0x00007fd970a41a00 points into unknown readable memory: 0x0000000000000000 | 00 00 00 00 00 00 00 00
RBX=0x0000600000780690 points into unknown readable memory: 0x013d800105108eb1 | b1 8e 10 05 01 80 3d 01
RCX=0x00007fd9720090c8 points into unknown readable memory: 0xa3a3a3a3a3a3a3a3 | a3 a3 a3 a3 a3 a3 a3 a3
RDX=0x0 is null
RSP=0x00007ff7bbf82e98 is pointing into the stack for thread: 0x00007fd97001a600
RBP=0x00007ff7bbf82fd0 is pointing into the stack for thread: 0x00007fd97001a600
RSI=0x00007ff81ccbd27f: <offset 0x1a60727f> in /usr/lib/libobjc.A.dylib at 0x00007ff8026b6000
RDI=0x00007fd970a41a00 points into unknown readable memory: 0x0000000000000000 | 00 00 00 00 00 00 00 00
R8 =0x00007fd972009038 points into unknown readable memory: 0x0000000000000000 | 00 00 00 00 00 00 00 00
R9 =0xfffeffffffffffff is an unknown value
R10=0x0 is null
R11=0x00007ff81ccbd27f: <offset 0x1a60727f> in /usr/lib/libobjc.A.dylib at 0x00007ff8026b6000
R12=0x00007ff81cd06a21: <offset 0x1a650a21> in /usr/lib/libobjc.A.dylib at 0x00007ff8026b6000
R13=0x00007fd9720090c0 points into unknown readable memory: 0x0000000000000000 | 00 00 00 00 00 00 00 00
R14=0x00007ff8026bd200: objc_msgSend+0 in /usr/lib/libobjc.A.dylib at 0x00007ff8026b6000
R15=0x00007ff81ccb1fb2: <offset 0x1a5fbfb2> in /usr/lib/libobjc.A.dylib at 0x00007ff8026b6000

Top of Stack: (sp=0x00007ff7bbf82e98)
0x00007ff7bbf82e98:   00000001050a83c1 00007ff7bbf82f00
0x00007ff7bbf82ea8:   0000600002c9df40 c5bcc287a7590055
0x00007ff7bbf82eb8:   0000600000780690 0000000000000000
0x00007ff7bbf82ec8:   000000016596a750 c5bcc287a7590055
0x00007ff7bbf82ed8:   000000016596a750 0000000000000000
0x00007ff7bbf82ee8:   000000016596a750 00007ff7bbf83060
0x00007ff7bbf82ef8:   00007fd97001a600 00007ff7bbf82fd0
0x00007ff7bbf82f08:   00007ff8026bdd9b 0000000105108eb0
0x00007ff7bbf82f18:   0000000000000030 000000016596a750
0x00007ff7bbf82f28:   0000000105104798 0000600000780690
0x00007ff7bbf82f38:   00000001050e7e26 0000600000780690
0x00007ff7bbf82f48:   00007ff8026bd200 00007fd971a0e740
0x00007ff7bbf82f58:   00007fd971a0eb18 ffffffffffffffff
0x00007ff7bbf82f68:   000000000000ffff 0000000000000000
0x00007ff7bbf82f78:   0000000000000000 0000000000000000
0x00007ff7bbf82f88:   0000000000000000 0000000000000000
0x00007ff7bbf82f98:   0000000000000000 00000000f0fa0169
0x00007ff7bbf82fa8:   000000016596a750 0000000000000000
0x00007ff7bbf82fb8:   000000016596a750 00007ff7bbf83060
0x00007ff7bbf82fc8:   00007fd97001a600 00007ff7bbf83038
0x00007ff7bbf82fd8:   00000001199e8b3c 00007ff7bbf83020
0x00007ff7bbf82fe8:   00000001199e87db fffffffffffffff7
0x00007ff7bbf82ff8:   000000016596a750 0000000000000005
0x00007ff7bbf83008:   000000016596c540 0000000000000000
0x00007ff7bbf83018:   0000000787fb7c88 000000016596a750
0x00007ff7bbf83028:   0000000000000000 00007ff7bbf83058
0x00007ff7bbf83038:   00007ff7bbf830b0 00000001199e4411
0x00007ff7bbf83048:   0000000787fb7c88 00000001199e6117
0x00007ff7bbf83058:   0000600000780690 0000000000000000
0x00007ff7bbf83068:   fffffffffffffff7 000000016596af49
0x00007ff7bbf83078:   0000000000000003 000000016596c540
0x00007ff7bbf83088:   0000000000000000 0000000787fb7c88 

Instructions: (pc=0x00007ff8026bd21d)
0x00007ff8026bd11d:   90 90 90 90 90 90 90 90 90 90 90 90 90 90 90 90
0x00007ff8026bd12d:   90 90 90 90 90 90 90 90 90 90 90 90 90 90 90 90
0x00007ff8026bd13d:   90 90 90 31 c0 31 d2 0f 57 c0 0f 57 c9 c3 90 d9
0x00007ff8026bd14d:   ee 31 c0 31 d2 0f 57 c0 0f 57 c9 c3 0f 1f 00 d9
0x00007ff8026bd15d:   ee d9 ee 31 c0 31 d2 0f 57 c0 0f 57 c9 c3 90 48
0x00007ff8026bd16d:   89 f8 c3 49 89 fa 49 89 f3 45 23 5a 18 49 c1 e3
0x00007ff8026bd17d:   04 4d 03 5a 10 49 3b 33 75 0e 49 8b 43 08 48 83
0x00007ff8026bd18d:   f8 00 74 03 4c 31 d0 c3 49 83 3b 01 76 17 49 83
0x00007ff8026bd19d:   c3 10 49 3b 33 75 f1 49 8b 43 08 48 83 f8 00 74
0x00007ff8026bd1ad:   03 4c 31 d0 c3 72 25 4d 8b 5b 08 eb 0a 49 83 3b
0x00007ff8026bd1bd:   01 76 17 49 83 c3 10 49 3b 33 75 f1 49 8b 43 08
0x00007ff8026bd1cd:   48 83 f8 00 74 03 4c 31 d0 c3 eb 00 31 c0 c3 66
0x00007ff8026bd1dd:   66 66 66 66 66 2e 0f 1f 84 00 00 00 00 00 66 66
0x00007ff8026bd1ed:   66 66 66 66 2e 0f 1f 84 00 00 00 00 00 66 0f 1f
0x00007ff8026bd1fd:   44 00 00 48 85 ff 2e 74 72 40 f6 c7 01 2e 75 76
0x00007ff8026bd20d:   49 ba f8 ff ff ff ff 7f 00 00 4c 23 17 49 89 f3
0x00007ff8026bd21d:   45 23 5a 18 49 c1 e3 04 4d 03 5a 10 49 3b 33 75
0x00007ff8026bd22d:   0a 4d 8b 5b 08 4d 31 d3 41 ff e3 49 83 3b 01 76
0x00007ff8026bd23d:   13 49 83 c3 10 49 3b 33 75 f1 4d 8b 5b 08 4d 31
0x00007ff8026bd24d:   d3 41 ff e3 72 70 4d 8b 5b 08 eb 0a 49 83 3b 01
0x00007ff8026bd25d:   76 13 49 83 c3 10 49 3b 33 75 f1 4d 8b 5b 08 4d
0x00007ff8026bd26d:   31 d3 41 ff e3 eb 4f 0f 1f 40 00 31 c0 31 d2 0f
0x00007ff8026bd27d:   57 c0 0f 57 c9 c3 41 89 fb 41 83 e3 0f 4c 8d 15
0x00007ff8026bd28d:   2f a1 89 41 4f 8b 14 da 4c 8d 1d fc 9f 89 41 4d
0x00007ff8026bd29d:   39 d3 0f 85 75 ff ff ff 41 89 fb 41 c1 eb 04 41
0x00007ff8026bd2ad:   81 e3 ff 00 00 00 4c 8d 15 86 a1 89 41 4f 8b 14
0x00007ff8026bd2bd:   da e9 57 ff ff ff e9 88 0a 00 00 66 66 66 66 66
0x00007ff8026bd2cd:   66 2e 0f 1f 84 00 00 00 00 00 66 66 66 66 66 66
0x00007ff8026bd2dd:   2e 0f 1f 84 00 00 00 00 00 66 66 66 66 66 66 2e
0x00007ff8026bd2ed:   0f 1f 84 00 00 00 00 00 66 66 2e 0f 1f 84 00 00
0x00007ff8026bd2fd:   00 00 00 48 85 ff 2e 74 6a 40 f6 c7 01 2e 75 6b
0x00007ff8026bd30d:   49 ba f8 ff ff ff ff 7f 00 00 4c 23 17 49 89 f3 


Stack slot to memory mapping:

stack at sp + 0 slots: 0x00000001050a83c1: -[MTLLayer blitTexture]+0xc1 in /Library/Java/JavaVirtualMachines/jdk-22.jdk/Contents/Home/lib/libawt_lwawt.dylib at 0x0000000105033000
stack at sp + 1 slots: 0x00007ff7bbf82f00 is pointing into the stack for thread: 0x00007fd97001a600
stack at sp + 2 slots: 0x0000600002c9df40 points into unknown readable memory: 0x0000000000000000 | 00 00 00 00 00 00 00 00
stack at sp + 3 slots: 0xc5bcc287a7590055 is an unknown value
stack at sp + 4 slots: 0x0000600000780690 points into unknown readable memory: 0x013d800105108eb1 | b1 8e 10 05 01 80 3d 01
stack at sp + 5 slots: 0x0 is null
stack at sp + 6 slots: {method} {0x000000016596a750} 'blitTexture' '(J)V' in 'sun/java2d/metal/MTLLayer'
stack at sp + 7 slots: 0xc5bcc287a7590055 is an unknown value


---------------  P R O C E S S  ---------------

Threads class SMR info:
_java_thread_list=0x0000600002ce05a0, length=21, elements={
0x00007fd970009200, 0x00007fd970821000, 0x00007fd97000be00, 0x00007fd97001ea00,
0x00007fd970823a00, 0x00007fd970824200, 0x00007fd972076400, 0x00007fd972077200,
0x00007fd97001f200, 0x00007fd97206f000, 0x00007fd972077a00, 0x00007fd9708ae000,
0x00007fd97001a600, 0x00007fd970905e00, 0x00007fd97215e400, 0x00007fd972138800,
0x00007fd9711dd200, 0x00007fd9721dac00, 0x00007fd970168200, 0x00007fd97027e400,
0x00007fd970a32000
}

Java Threads: ( => current thread )
  0x00007fd970009200 JavaThread "main"                              [_thread_in_native, id=6147, stack(0x000070000d885000,0x000070000d985000) (1024K)]
  0x00007fd970821000 JavaThread "Reference Handler"          daemon [_thread_blocked, id=40195, stack(0x000070000e1a3000,0x000070000e2a3000) (1024K)]
  0x00007fd97000be00 JavaThread "Finalizer"                  daemon [_thread_blocked, id=24067, stack(0x000070000e2a6000,0x000070000e3a6000) (1024K)]
  0x00007fd97001ea00 JavaThread "Signal Dispatcher"          daemon [_thread_blocked, id=39683, stack(0x000070000e3a9000,0x000070000e4a9000) (1024K)]
  0x00007fd970823a00 JavaThread "Service Thread"             daemon [_thread_blocked, id=24579, stack(0x000070000e4ac000,0x000070000e5ac000) (1024K)]
  0x00007fd970824200 JavaThread "Monitor Deflation Thread"   daemon [_thread_blocked, id=39427, stack(0x000070000e5af000,0x000070000e6af000) (1024K)]
  0x00007fd972076400 JavaThread "C2 CompilerThread0"         daemon [_thread_blocked, id=39171, stack(0x000070000e6b2000,0x000070000e7b2000) (1024K)]
  0x00007fd972077200 JavaThread "C1 CompilerThread0"         daemon [_thread_blocked, id=25603, stack(0x000070000e7b5000,0x000070000e8b5000) (1024K)]
  0x00007fd97001f200 JavaThread "Common-Cleaner"             daemon [_thread_blocked, id=38915, stack(0x000070000e8b8000,0x000070000e9b8000) (1024K)]
  0x00007fd97206f000 JavaThread "Attach Listener"            daemon [_thread_blocked, id=26371, stack(0x000070000e9bb000,0x000070000eabb000) (1024K)]
  0x00007fd972077a00 JavaThread "Monitor Ctrl-Break"         daemon [_thread_in_native, id=26883, stack(0x000070000eabe000,0x000070000ebbe000) (1024K)]
  0x00007fd9708ae000 JavaThread "Notification Thread"        daemon [_thread_blocked, id=38403, stack(0x000070000ebc1000,0x000070000ecc1000) (1024K)]
=>0x00007fd97001a600 JavaThread "AppKit Thread"              daemon [_thread_in_native, id=259, stack(0x00007ff7bb789000,0x00007ff7bbf89000) (8192K)]
  0x00007fd970905e00 JavaThread "AWT-Shutdown"                      [_thread_blocked, id=86019, stack(0x000070000ed47000,0x000070000ee47000) (1024K)]
  0x00007fd97215e400 JavaThread "Java2D Queue Flusher"       daemon [_thread_blocked, id=75783, stack(0x000070000efd3000,0x000070000f0d3000) (1024K)]
  0x00007fd972138800 JavaThread "Java2D Disposer"            daemon [_thread_blocked, id=73223, stack(0x000070000f0d6000,0x000070000f1d6000) (1024K)]
  0x00007fd9711dd200 JavaThread "RMI TCP Accept-0"           daemon [_thread_in_native, id=69463, stack(0x000070000f1d9000,0x000070000f2d9000) (1024K)]
  0x00007fd9721dac00 JavaThread "RMI TCP Connection(1)-192.168.100.37" daemon [_thread_in_native, id=59683, stack(0x000070000f2dc000,0x000070000f3dc000) (1024K)]
  0x00007fd970168200 JavaThread "RMI Scheduler(0)"           daemon [_thread_blocked, id=60163, stack(0x000070000f3df000,0x000070000f4df000) (1024K)]
  0x00007fd97027e400 JavaThread "JMX server connection timeout 29" daemon [_thread_blocked, id=59435, stack(0x000070000f4e2000,0x000070000f5e2000) (1024K)]
  0x00007fd970a32000 JavaThread "AWT-EventQueue-0"                  [_thread_blocked, id=68879, stack(0x000070000f5e5000,0x000070000f6e5000) (1024K)]
Total: 21

Other Threads:
  0x00007fd971805a80 VMThread "VM Thread"                           [id=15875, stack(0x000070000df9a000,0x000070000e09a000) (1024K)]
  0x00007fd971a05510 WatcherThread "VM Periodic Task Thread"        [id=17411, stack(0x000070000de97000,0x000070000df97000) (1024K)]
  0x00007fd971a04510 WorkerThread "GC Thread#0"                     [id=11779, stack(0x000070000d988000,0x000070000da88000) (1024K)]
  0x00007fd96ff35450 WorkerThread "GC Thread#1"                     [id=68611, stack(0x000070000f6e8000,0x000070000f7e8000) (1024K)]
  0x00007fd97183adb0 WorkerThread "GC Thread#2"                     [id=61187, stack(0x000070000f7eb000,0x000070000f8eb000) (1024K)]
  0x00007fd97183b710 WorkerThread "GC Thread#3"                     [id=68099, stack(0x000070000f8ee000,0x000070000f9ee000) (1024K)]
  0x00007fd9719060b0 ConcurrentGCThread "G1 Main Marker"            [id=19203, stack(0x000070000da8b000,0x000070000db8b000) (1024K)]
  0x00007fd971906a30 WorkerThread "G1 Conc#0"                       [id=12547, stack(0x000070000db8e000,0x000070000dc8e000) (1024K)]
  0x00007fd97200aa00 ConcurrentGCThread "G1 Refine#0"               [id=13059, stack(0x000070000dc91000,0x000070000dd91000) (1024K)]
  0x00007fd971907390 ConcurrentGCThread "G1 Service"                [id=18179, stack(0x000070000dd94000,0x000070000de94000) (1024K)]
Total: 10

Threads with active compile tasks:
Total: 0

VM state: not at safepoint (normal execution)

VM Mutex/Monitor currently owned by a thread: None

Heap address: 0x0000000780000000, size: 2048 MB, Compressed Oops mode: Zero based, Oop shift amount: 3

CDS archive(s) mapped at: [0x0000000124000000-0x0000000124c74000-0x0000000124c74000), size 13058048, SharedBaseAddress: 0x0000000124000000, ArchiveRelocationMode: 1.
Compressed class space mapped at: 0x0000000125000000-0x0000000165000000, reserved size: 1073741824
Narrow klass base: 0x0000000124000000, Narrow klass shift: 0, Narrow klass range: 0x100000000

GC Precious Log:
 CardTable entry size: 512
 Card Set container configuration: InlinePtr #cards 5 size 8 Array Of Cards #cards 12 size 40 Howl #buckets 4 coarsen threshold 1843 Howl Bitmap #cards 512 size 80 coarsen threshold 460 Card regions per heap region 1 cards per card region 2048
 CPUs: 4 total, 4 available
 Memory: 8192M
 Large Page Support: Disabled
 NUMA Support: Disabled
 Compressed Oops: Enabled (Zero based)
 Heap Region Size: 1M
 Heap Min Capacity: 8M
 Heap Initial Capacity: 128M
 Heap Max Capacity: 2G
 Pre-touch: Disabled
 Parallel Workers: 4
 Concurrent Workers: 1
 Concurrent Refinement Workers: 4
 Periodic GC: Disabled

Heap:
 garbage-first heap   total reserved 2097152K, committed 133120K, used 6059K [0x0000000780000000, 0x0000000800000000)
  region size 1024K, 5 young (5120K), 2 survivors (2048K)
 Metaspace       used 12591K, committed 12928K, reserved 1114112K
  class space    used 1492K, committed 1664K, reserved 1048576K

Heap Regions: E=young(eden), S=young(survivor), O=old, HS=humongous(starts), HC=humongous(continues), CS=collection set, F=free, TAMS=top-at-mark-start, PB=parsable bottom
|   0|0x0000000780000000, 0x00000007800e67c0, 0x0000000780100000| 90%| O|  |TAMS 0x0000000780000000| PB 0x0000000780000000| Untracked |  0
|   1|0x0000000780100000, 0x0000000780100000, 0x0000000780200000|  0%| F|  |TAMS 0x0000000780100000| PB 0x0000000780100000| Untracked |  0
|   2|0x0000000780200000, 0x0000000780200000, 0x0000000780300000|  0%| F|  |TAMS 0x0000000780200000| PB 0x0000000780200000| Untracked |  0
|   3|0x0000000780300000, 0x0000000780300000, 0x0000000780400000|  0%| F|  |TAMS 0x0000000780300000| PB 0x0000000780300000| Untracked |  0
|   4|0x0000000780400000, 0x0000000780400000, 0x0000000780500000|  0%| F|  |TAMS 0x0000000780400000| PB 0x0000000780400000| Untracked |  0
|   5|0x0000000780500000, 0x0000000780500000, 0x0000000780600000|  0%| F|  |TAMS 0x0000000780500000| PB 0x0000000780500000| Untracked |  0
|   6|0x0000000780600000, 0x0000000780600000, 0x0000000780700000|  0%| F|  |TAMS 0x0000000780600000| PB 0x0000000780600000| Untracked |  0
|   7|0x0000000780700000, 0x0000000780700000, 0x0000000780800000|  0%| F|  |TAMS 0x0000000780700000| PB 0x0000000780700000| Untracked |  0
|   8|0x0000000780800000, 0x0000000780800000, 0x0000000780900000|  0%| F|  |TAMS 0x0000000780800000| PB 0x0000000780800000| Untracked |  0
|   9|0x0000000780900000, 0x0000000780900000, 0x0000000780a00000|  0%| F|  |TAMS 0x0000000780900000| PB 0x0000000780900000| Untracked |  0
|  10|0x0000000780a00000, 0x0000000780a00000, 0x0000000780b00000|  0%| F|  |TAMS 0x0000000780a00000| PB 0x0000000780a00000| Untracked |  0
|  11|0x0000000780b00000, 0x0000000780b00000, 0x0000000780c00000|  0%| F|  |TAMS 0x0000000780b00000| PB 0x0000000780b00000| Untracked |  0
|  12|0x0000000780c00000, 0x0000000780c00000, 0x0000000780d00000|  0%| F|  |TAMS 0x0000000780c00000| PB 0x0000000780c00000| Untracked |  0
|  13|0x0000000780d00000, 0x0000000780d00000, 0x0000000780e00000|  0%| F|  |TAMS 0x0000000780d00000| PB 0x0000000780d00000| Untracked |  0
|  14|0x0000000780e00000, 0x0000000780e00000, 0x0000000780f00000|  0%| F|  |TAMS 0x0000000780e00000| PB 0x0000000780e00000| Untracked |  0
|  15|0x0000000780f00000, 0x0000000780f00000, 0x0000000781000000|  0%| F|  |TAMS 0x0000000780f00000| PB 0x0000000780f00000| Untracked |  0
|  16|0x0000000781000000, 0x0000000781000000, 0x0000000781100000|  0%| F|  |TAMS 0x0000000781000000| PB 0x0000000781000000| Untracked |  0
|  17|0x0000000781100000, 0x0000000781100000, 0x0000000781200000|  0%| F|  |TAMS 0x0000000781100000| PB 0x0000000781100000| Untracked |  0
|  18|0x0000000781200000, 0x0000000781200000, 0x0000000781300000|  0%| F|  |TAMS 0x0000000781200000| PB 0x0000000781200000| Untracked |  0
|  19|0x0000000781300000, 0x0000000781300000, 0x0000000781400000|  0%| F|  |TAMS 0x0000000781300000| PB 0x0000000781300000| Untracked |  0
|  20|0x0000000781400000, 0x0000000781400000, 0x0000000781500000|  0%| F|  |TAMS 0x0000000781400000| PB 0x0000000781400000| Untracked |  0
|  21|0x0000000781500000, 0x0000000781500000, 0x0000000781600000|  0%| F|  |TAMS 0x0000000781500000| PB 0x0000000781500000| Untracked |  0
|  22|0x0000000781600000, 0x0000000781600000, 0x0000000781700000|  0%| F|  |TAMS 0x0000000781600000| PB 0x0000000781600000| Untracked |  0
|  23|0x0000000781700000, 0x0000000781700000, 0x0000000781800000|  0%| F|  |TAMS 0x0000000781700000| PB 0x0000000781700000| Untracked |  0
|  24|0x0000000781800000, 0x0000000781800000, 0x0000000781900000|  0%| F|  |TAMS 0x0000000781800000| PB 0x0000000781800000| Untracked |  0
|  25|0x0000000781900000, 0x0000000781900000, 0x0000000781a00000|  0%| F|  |TAMS 0x0000000781900000| PB 0x0000000781900000| Untracked |  0
|  26|0x0000000781a00000, 0x0000000781a00000, 0x0000000781b00000|  0%| F|  |TAMS 0x0000000781a00000| PB 0x0000000781a00000| Untracked |  0
|  27|0x0000000781b00000, 0x0000000781b00000, 0x0000000781c00000|  0%| F|  |TAMS 0x0000000781b00000| PB 0x0000000781b00000| Untracked |  0
|  28|0x0000000781c00000, 0x0000000781c00000, 0x0000000781d00000|  0%| F|  |TAMS 0x0000000781c00000| PB 0x0000000781c00000| Untracked |  0
|  29|0x0000000781d00000, 0x0000000781d00000, 0x0000000781e00000|  0%| F|  |TAMS 0x0000000781d00000| PB 0x0000000781d00000| Untracked |  0
|  30|0x0000000781e00000, 0x0000000781e00000, 0x0000000781f00000|  0%| F|  |TAMS 0x0000000781e00000| PB 0x0000000781e00000| Untracked |  0
|  31|0x0000000781f00000, 0x0000000781f00000, 0x0000000782000000|  0%| F|  |TAMS 0x0000000781f00000| PB 0x0000000781f00000| Untracked |  0
|  32|0x0000000782000000, 0x0000000782000000, 0x0000000782100000|  0%| F|  |TAMS 0x0000000782000000| PB 0x0000000782000000| Untracked |  0
|  33|0x0000000782100000, 0x0000000782100000, 0x0000000782200000|  0%| F|  |TAMS 0x0000000782100000| PB 0x0000000782100000| Untracked |  0
|  34|0x0000000782200000, 0x0000000782200000, 0x0000000782300000|  0%| F|  |TAMS 0x0000000782200000| PB 0x0000000782200000| Untracked |  0
|  35|0x0000000782300000, 0x0000000782300000, 0x0000000782400000|  0%| F|  |TAMS 0x0000000782300000| PB 0x0000000782300000| Untracked |  0
|  36|0x0000000782400000, 0x0000000782400000, 0x0000000782500000|  0%| F|  |TAMS 0x0000000782400000| PB 0x0000000782400000| Untracked |  0
|  37|0x0000000782500000, 0x0000000782500000, 0x0000000782600000|  0%| F|  |TAMS 0x0000000782500000| PB 0x0000000782500000| Untracked |  0
|  38|0x0000000782600000, 0x0000000782600000, 0x0000000782700000|  0%| F|  |TAMS 0x0000000782600000| PB 0x0000000782600000| Untracked |  0
|  39|0x0000000782700000, 0x0000000782700000, 0x0000000782800000|  0%| F|  |TAMS 0x0000000782700000| PB 0x0000000782700000| Untracked |  0
|  40|0x0000000782800000, 0x0000000782800000, 0x0000000782900000|  0%| F|  |TAMS 0x0000000782800000| PB 0x0000000782800000| Untracked |  0
|  41|0x0000000782900000, 0x0000000782900000, 0x0000000782a00000|  0%| F|  |TAMS 0x0000000782900000| PB 0x0000000782900000| Untracked |  0
|  42|0x0000000782a00000, 0x0000000782a00000, 0x0000000782b00000|  0%| F|  |TAMS 0x0000000782a00000| PB 0x0000000782a00000| Untracked |  0
|  43|0x0000000782b00000, 0x0000000782b00000, 0x0000000782c00000|  0%| F|  |TAMS 0x0000000782b00000| PB 0x0000000782b00000| Untracked |  0
|  44|0x0000000782c00000, 0x0000000782c00000, 0x0000000782d00000|  0%| F|  |TAMS 0x0000000782c00000| PB 0x0000000782c00000| Untracked |  0
|  45|0x0000000782d00000, 0x0000000782d00000, 0x0000000782e00000|  0%| F|  |TAMS 0x0000000782d00000| PB 0x0000000782d00000| Untracked |  0
|  46|0x0000000782e00000, 0x0000000782e00000, 0x0000000782f00000|  0%| F|  |TAMS 0x0000000782e00000| PB 0x0000000782e00000| Untracked |  0
|  47|0x0000000782f00000, 0x0000000782f00000, 0x0000000783000000|  0%| F|  |TAMS 0x0000000782f00000| PB 0x0000000782f00000| Untracked |  0
|  48|0x0000000783000000, 0x0000000783000000, 0x0000000783100000|  0%| F|  |TAMS 0x0000000783000000| PB 0x0000000783000000| Untracked |  0
|  49|0x0000000783100000, 0x0000000783100000, 0x0000000783200000|  0%| F|  |TAMS 0x0000000783100000| PB 0x0000000783100000| Untracked |  0
|  50|0x0000000783200000, 0x0000000783200000, 0x0000000783300000|  0%| F|  |TAMS 0x0000000783200000| PB 0x0000000783200000| Untracked |  0
|  51|0x0000000783300000, 0x0000000783300000, 0x0000000783400000|  0%| F|  |TAMS 0x0000000783300000| PB 0x0000000783300000| Untracked |  0
|  52|0x0000000783400000, 0x0000000783400000, 0x0000000783500000|  0%| F|  |TAMS 0x0000000783400000| PB 0x0000000783400000| Untracked |  0
|  53|0x0000000783500000, 0x0000000783500000, 0x0000000783600000|  0%| F|  |TAMS 0x0000000783500000| PB 0x0000000783500000| Untracked |  0
|  54|0x0000000783600000, 0x0000000783600000, 0x0000000783700000|  0%| F|  |TAMS 0x0000000783600000| PB 0x0000000783600000| Untracked |  0
|  55|0x0000000783700000, 0x0000000783700000, 0x0000000783800000|  0%| F|  |TAMS 0x0000000783700000| PB 0x0000000783700000| Untracked |  0
|  56|0x0000000783800000, 0x0000000783800000, 0x0000000783900000|  0%| F|  |TAMS 0x0000000783800000| PB 0x0000000783800000| Untracked |  0
|  57|0x0000000783900000, 0x0000000783900000, 0x0000000783a00000|  0%| F|  |TAMS 0x0000000783900000| PB 0x0000000783900000| Untracked |  0
|  58|0x0000000783a00000, 0x0000000783a00000, 0x0000000783b00000|  0%| F|  |TAMS 0x0000000783a00000| PB 0x0000000783a00000| Untracked |  0
|  59|0x0000000783b00000, 0x0000000783b00000, 0x0000000783c00000|  0%| F|  |TAMS 0x0000000783b00000| PB 0x0000000783b00000| Untracked |  0
|  60|0x0000000783c00000, 0x0000000783c00000, 0x0000000783d00000|  0%| F|  |TAMS 0x0000000783c00000| PB 0x0000000783c00000| Untracked |  0
|  61|0x0000000783d00000, 0x0000000783d00000, 0x0000000783e00000|  0%| F|  |TAMS 0x0000000783d00000| PB 0x0000000783d00000| Untracked |  0
|  62|0x0000000783e00000, 0x0000000783e00000, 0x0000000783f00000|  0%| F|  |TAMS 0x0000000783e00000| PB 0x0000000783e00000| Untracked |  0
|  63|0x0000000783f00000, 0x0000000783f00000, 0x0000000784000000|  0%| F|  |TAMS 0x0000000783f00000| PB 0x0000000783f00000| Untracked |  0
|  64|0x0000000784000000, 0x0000000784000000, 0x0000000784100000|  0%| F|  |TAMS 0x0000000784000000| PB 0x0000000784000000| Untracked |  0
|  65|0x0000000784100000, 0x0000000784100000, 0x0000000784200000|  0%| F|  |TAMS 0x0000000784100000| PB 0x0000000784100000| Untracked |  0
|  66|0x0000000784200000, 0x0000000784200000, 0x0000000784300000|  0%| F|  |TAMS 0x0000000784200000| PB 0x0000000784200000| Untracked |  0
|  67|0x0000000784300000, 0x0000000784300000, 0x0000000784400000|  0%| F|  |TAMS 0x0000000784300000| PB 0x0000000784300000| Untracked |  0
|  68|0x0000000784400000, 0x0000000784400000, 0x0000000784500000|  0%| F|  |TAMS 0x0000000784400000| PB 0x0000000784400000| Untracked |  0
|  69|0x0000000784500000, 0x0000000784500000, 0x0000000784600000|  0%| F|  |TAMS 0x0000000784500000| PB 0x0000000784500000| Untracked |  0
|  70|0x0000000784600000, 0x0000000784600000, 0x0000000784700000|  0%| F|  |TAMS 0x0000000784600000| PB 0x0000000784600000| Untracked |  0
|  71|0x0000000784700000, 0x0000000784700000, 0x0000000784800000|  0%| F|  |TAMS 0x0000000784700000| PB 0x0000000784700000| Untracked |  0
|  72|0x0000000784800000, 0x0000000784800000, 0x0000000784900000|  0%| F|  |TAMS 0x0000000784800000| PB 0x0000000784800000| Untracked |  0
|  73|0x0000000784900000, 0x0000000784900000, 0x0000000784a00000|  0%| F|  |TAMS 0x0000000784900000| PB 0x0000000784900000| Untracked |  0
|  74|0x0000000784a00000, 0x0000000784a00000, 0x0000000784b00000|  0%| F|  |TAMS 0x0000000784a00000| PB 0x0000000784a00000| Untracked |  0
|  75|0x0000000784b00000, 0x0000000784b00000, 0x0000000784c00000|  0%| F|  |TAMS 0x0000000784b00000| PB 0x0000000784b00000| Untracked |  0
|  76|0x0000000784c00000, 0x0000000784c00000, 0x0000000784d00000|  0%| F|  |TAMS 0x0000000784c00000| PB 0x0000000784c00000| Untracked |  0
|  77|0x0000000784d00000, 0x0000000784d00000, 0x0000000784e00000|  0%| F|  |TAMS 0x0000000784d00000| PB 0x0000000784d00000| Untracked |  0
|  78|0x0000000784e00000, 0x0000000784e00000, 0x0000000784f00000|  0%| F|  |TAMS 0x0000000784e00000| PB 0x0000000784e00000| Untracked |  0
|  79|0x0000000784f00000, 0x0000000784f00000, 0x0000000785000000|  0%| F|  |TAMS 0x0000000784f00000| PB 0x0000000784f00000| Untracked |  0
|  80|0x0000000785000000, 0x0000000785000000, 0x0000000785100000|  0%| F|  |TAMS 0x0000000785000000| PB 0x0000000785000000| Untracked |  0
|  81|0x0000000785100000, 0x0000000785100000, 0x0000000785200000|  0%| F|  |TAMS 0x0000000785100000| PB 0x0000000785100000| Untracked |  0
|  82|0x0000000785200000, 0x0000000785200000, 0x0000000785300000|  0%| F|  |TAMS 0x0000000785200000| PB 0x0000000785200000| Untracked |  0
|  83|0x0000000785300000, 0x0000000785300000, 0x0000000785400000|  0%| F|  |TAMS 0x0000000785300000| PB 0x0000000785300000| Untracked |  0
|  84|0x0000000785400000, 0x0000000785400000, 0x0000000785500000|  0%| F|  |TAMS 0x0000000785400000| PB 0x0000000785400000| Untracked |  0
|  85|0x0000000785500000, 0x0000000785500000, 0x0000000785600000|  0%| F|  |TAMS 0x0000000785500000| PB 0x0000000785500000| Untracked |  0
|  86|0x0000000785600000, 0x0000000785600000, 0x0000000785700000|  0%| F|  |TAMS 0x0000000785600000| PB 0x0000000785600000| Untracked |  0
|  87|0x0000000785700000, 0x0000000785700000, 0x0000000785800000|  0%| F|  |TAMS 0x0000000785700000| PB 0x0000000785700000| Untracked |  0
|  88|0x0000000785800000, 0x0000000785800000, 0x0000000785900000|  0%| F|  |TAMS 0x0000000785800000| PB 0x0000000785800000| Untracked |  0
|  89|0x0000000785900000, 0x0000000785900000, 0x0000000785a00000|  0%| F|  |TAMS 0x0000000785900000| PB 0x0000000785900000| Untracked |  0
|  90|0x0000000785a00000, 0x0000000785a00000, 0x0000000785b00000|  0%| F|  |TAMS 0x0000000785a00000| PB 0x0000000785a00000| Untracked |  0
|  91|0x0000000785b00000, 0x0000000785b00000, 0x0000000785c00000|  0%| F|  |TAMS 0x0000000785b00000| PB 0x0000000785b00000| Untracked |  0
|  92|0x0000000785c00000, 0x0000000785c00000, 0x0000000785d00000|  0%| F|  |TAMS 0x0000000785c00000| PB 0x0000000785c00000| Untracked |  0
|  93|0x0000000785d00000, 0x0000000785d00000, 0x0000000785e00000|  0%| F|  |TAMS 0x0000000785d00000| PB 0x0000000785d00000| Untracked |  0
|  94|0x0000000785e00000, 0x0000000785e00000, 0x0000000785f00000|  0%| F|  |TAMS 0x0000000785e00000| PB 0x0000000785e00000| Untracked |  0
|  95|0x0000000785f00000, 0x0000000785f00000, 0x0000000786000000|  0%| F|  |TAMS 0x0000000785f00000| PB 0x0000000785f00000| Untracked |  0
|  96|0x0000000786000000, 0x0000000786000000, 0x0000000786100000|  0%| F|  |TAMS 0x0000000786000000| PB 0x0000000786000000| Untracked |  0
|  97|0x0000000786100000, 0x0000000786100000, 0x0000000786200000|  0%| F|  |TAMS 0x0000000786100000| PB 0x0000000786100000| Untracked |  0
|  98|0x0000000786200000, 0x0000000786200000, 0x0000000786300000|  0%| F|  |TAMS 0x0000000786200000| PB 0x0000000786200000| Untracked |  0
|  99|0x0000000786300000, 0x0000000786300000, 0x0000000786400000|  0%| F|  |TAMS 0x0000000786300000| PB 0x0000000786300000| Untracked |  0
| 100|0x0000000786400000, 0x0000000786400000, 0x0000000786500000|  0%| F|  |TAMS 0x0000000786400000| PB 0x0000000786400000| Untracked |  0
| 101|0x0000000786500000, 0x0000000786500000, 0x0000000786600000|  0%| F|  |TAMS 0x0000000786500000| PB 0x0000000786500000| Untracked |  0
| 102|0x0000000786600000, 0x0000000786600000, 0x0000000786700000|  0%| F|  |TAMS 0x0000000786600000| PB 0x0000000786600000| Untracked |  0
| 103|0x0000000786700000, 0x0000000786700000, 0x0000000786800000|  0%| F|  |TAMS 0x0000000786700000| PB 0x0000000786700000| Untracked |  0
| 104|0x0000000786800000, 0x0000000786800000, 0x0000000786900000|  0%| F|  |TAMS 0x0000000786800000| PB 0x0000000786800000| Untracked |  0
| 105|0x0000000786900000, 0x0000000786900000, 0x0000000786a00000|  0%| F|  |TAMS 0x0000000786900000| PB 0x0000000786900000| Untracked |  0
| 106|0x0000000786a00000, 0x0000000786a00000, 0x0000000786b00000|  0%| F|  |TAMS 0x0000000786a00000| PB 0x0000000786a00000| Untracked |  0
| 107|0x0000000786b00000, 0x0000000786b00000, 0x0000000786c00000|  0%| F|  |TAMS 0x0000000786b00000| PB 0x0000000786b00000| Untracked |  0
| 108|0x0000000786c00000, 0x0000000786c00000, 0x0000000786d00000|  0%| F|  |TAMS 0x0000000786c00000| PB 0x0000000786c00000| Untracked |  0
| 109|0x0000000786d00000, 0x0000000786d00000, 0x0000000786e00000|  0%| F|  |TAMS 0x0000000786d00000| PB 0x0000000786d00000| Untracked |  0
| 110|0x0000000786e00000, 0x0000000786e00000, 0x0000000786f00000|  0%| F|  |TAMS 0x0000000786e00000| PB 0x0000000786e00000| Untracked |  0
| 111|0x0000000786f00000, 0x0000000786f00000, 0x0000000787000000|  0%| F|  |TAMS 0x0000000786f00000| PB 0x0000000786f00000| Untracked |  0
| 112|0x0000000787000000, 0x0000000787100000, 0x0000000787100000|100%| S|CS|TAMS 0x0000000787000000| PB 0x0000000787000000| Complete |  0
| 113|0x0000000787100000, 0x0000000787200000, 0x0000000787200000|100%| S|CS|TAMS 0x0000000787100000| PB 0x0000000787100000| Complete |  0
| 114|0x0000000787200000, 0x0000000787200000, 0x0000000787300000|  0%| F|  |TAMS 0x0000000787200000| PB 0x0000000787200000| Untracked |  0
| 115|0x0000000787300000, 0x0000000787300000, 0x0000000787400000|  0%| F|  |TAMS 0x0000000787300000| PB 0x0000000787300000| Untracked |  0
| 116|0x0000000787400000, 0x0000000787400000, 0x0000000787500000|  0%| F|  |TAMS 0x0000000787400000| PB 0x0000000787400000| Untracked |  0
| 117|0x0000000787500000, 0x0000000787500000, 0x0000000787600000|  0%| F|  |TAMS 0x0000000787500000| PB 0x0000000787500000| Untracked |  0
| 118|0x0000000787600000, 0x0000000787600000, 0x0000000787700000|  0%| F|  |TAMS 0x0000000787600000| PB 0x0000000787600000| Untracked |  0
| 119|0x0000000787700000, 0x0000000787700000, 0x0000000787800000|  0%| F|  |TAMS 0x0000000787700000| PB 0x0000000787700000| Untracked |  0
| 120|0x0000000787800000, 0x0000000787800000, 0x0000000787900000|  0%| F|  |TAMS 0x0000000787800000| PB 0x0000000787800000| Untracked |  0
| 121|0x0000000787900000, 0x0000000787900000, 0x0000000787a00000|  0%| F|  |TAMS 0x0000000787900000| PB 0x0000000787900000| Untracked |  0
| 122|0x0000000787a00000, 0x0000000787a00000, 0x0000000787b00000|  0%| F|  |TAMS 0x0000000787a00000| PB 0x0000000787a00000| Untracked |  0
| 123|0x0000000787b00000, 0x0000000787b00000, 0x0000000787c00000|  0%| F|  |TAMS 0x0000000787b00000| PB 0x0000000787b00000| Untracked |  0
| 124|0x0000000787c00000, 0x0000000787c00000, 0x0000000787d00000|  0%| F|  |TAMS 0x0000000787c00000| PB 0x0000000787c00000| Untracked |  0
| 125|0x0000000787d00000, 0x0000000787d453b0, 0x0000000787e00000| 27%| E|  |TAMS 0x0000000787d00000| PB 0x0000000787d00000| Complete |  0
| 126|0x0000000787e00000, 0x0000000787f00000, 0x0000000787f00000|100%| E|CS|TAMS 0x0000000787e00000| PB 0x0000000787e00000| Complete |  0
| 127|0x0000000787f00000, 0x0000000788000000, 0x0000000788000000|100%| E|CS|TAMS 0x0000000787f00000| PB 0x0000000787f00000| Complete |  0
|2046|0x00000007ffe00000, 0x00000007fff00000, 0x00000007fff00000|100%| O|  |TAMS 0x00000007ffe00000| PB 0x00000007ffe00000| Untracked |  0
|2047|0x00000007fff00000, 0x00000007fff04588, 0x0000000800000000|  1%| O|  |TAMS 0x00000007fff00000| PB 0x00000007fff00000| Untracked |  0

Card table byte_map: [0x0000000104796000,0x0000000104b96000] _byte_map_base: 0x0000000100b96000

Marking Bits: (CMBitMap*) 0x00007fd97101aa10
 Bits: [0x000000010e78d000, 0x000000011078d000)

Polling page: 0x00000001040a2000

Metaspace:

Usage:
  Non-class:     10.84 MB used.
      Class:      1.46 MB used.
       Both:     12.30 MB used.

Virtual space:
  Non-class space:       64.00 MB reserved,      11.00 MB ( 17%) committed,  1 nodes.
      Class space:        1.00 GB reserved,       1.62 MB ( <1%) committed,  1 nodes.
             Both:        1.06 GB reserved,      12.62 MB (  1%) committed. 

Chunk freelists:
   Non-Class:  4.97 MB
       Class:  14.24 MB
        Both:  19.21 MB

MaxMetaspaceSize: unlimited
CompressedClassSpaceSize: 1.00 GB
Initial GC threshold: 21.00 MB
Current GC threshold: 21.00 MB
CDS: on
 - commit_granule_bytes: 65536.
 - commit_granule_words: 8192.
 - virtual_space_node_default_size: 8388608.
 - enlarge_chunks_in_place: 1.
 - use_allocation_guard: 0.


Internal statistics:

num_allocs_failed_limit: 0.
num_arena_births: 340.
num_arena_deaths: 0.
num_vsnodes_births: 2.
num_vsnodes_deaths: 0.
num_space_committed: 202.
num_space_uncommitted: 0.
num_chunks_returned_to_freelist: 0.
num_chunks_taken_from_freelist: 431.
num_chunk_merges: 0.
num_chunk_splits: 260.
num_chunks_enlarged: 121.
num_inconsistent_stats: 0.

CodeHeap 'non-profiled nmethods': size=120032Kb used=406Kb max_used=406Kb free=119626Kb
 bounds [0x0000000119f6d000, 0x000000011a1dd000, 0x00000001214a5000]
CodeHeap 'profiled nmethods': size=120028Kb used=2073Kb max_used=2073Kb free=117954Kb
 bounds [0x00000001124a5000, 0x0000000112715000, 0x00000001199dc000]
CodeHeap 'non-nmethods': size=5700Kb used=1599Kb max_used=1613Kb free=4100Kb
 bounds [0x00000001199dc000, 0x0000000119c4c000, 0x0000000119f6d000]
 total_blobs=2005 nmethods=1326 adapters=585
 compilation: enabled
              stopped_count=0, restarted_count=0
 full_count=0

Compilation events (20 events):
Event: 2.347 Thread 0x00007fd972077200 nmethod 1308 0x00000001126a7510 code [0x00000001126a76a0, 0x00000001126a77a0]
Event: 2.347 Thread 0x00007fd972077200 1309       3       java.lang.invoke.InnerClassLambdaMetafactory::getLoadOpcode (26 bytes)
Event: 2.347 Thread 0x00007fd972077200 nmethod 1309 0x00000001126a7810 code [0x00000001126a79c0, 0x00000001126a7bc8]
Event: 2.347 Thread 0x00007fd972077200 1310       3       java.lang.invoke.InnerClassLambdaMetafactory::getParameterSize (27 bytes)
Event: 2.347 Thread 0x00007fd972077200 nmethod 1310 0x00000001126a7c90 code [0x00000001126a7e40, 0x00000001126a8030]
Event: 2.364 Thread 0x00007fd972077200 1311       1       java.awt.Component::getParent_NoClientCode (5 bytes)
Event: 2.364 Thread 0x00007fd972077200 nmethod 1311 0x0000000119fd0b10 code [0x0000000119fd0ca0, 0x0000000119fd0d68]
Event: 2.364 Thread 0x00007fd972077200 1312       3       java.awt.Component::getTreeLock (4 bytes)
Event: 2.364 Thread 0x00007fd972077200 nmethod 1312 0x00000001126a8090 code [0x00000001126a8220, 0x00000001126a8330]
Event: 2.364 Thread 0x00007fd972077200 1313       3       sun.awt.AWTAutoShutdown::getInstance (4 bytes)
Event: 2.364 Thread 0x00007fd972077200 nmethod 1313 0x00000001126a8390 code [0x00000001126a8520, 0x00000001126a8610]
Event: 2.370 Thread 0x00007fd972077200 1314       1       java.awt.AWTEvent::getID (5 bytes)
Event: 2.370 Thread 0x00007fd972077200 nmethod 1314 0x0000000119fd0e10 code [0x0000000119fd0fa0, 0x0000000119fd1060]
Event: 2.370 Thread 0x00007fd972077200 1315       1       java.util.EventObject::getSource (5 bytes)
Event: 2.370 Thread 0x00007fd972077200 nmethod 1315 0x0000000119fd1110 code [0x0000000119fd12a0, 0x0000000119fd1368]
Event: 2.374 Thread 0x00007fd972077200 1317       3       jdk.internal.org.objectweb.asm.ClassWriter::visit (160 bytes)
Event: 2.375 Thread 0x00007fd972077200 nmethod 1317 0x00000001126a8690 code [0x00000001126a88c0, 0x00000001126a90b0]
Event: 2.375 Thread 0x00007fd972077200 1318       3       jdk.internal.org.objectweb.asm.SymbolTable::setMajorVersionAndClassName (19 bytes)
Event: 2.376 Thread 0x00007fd972077200 nmethod 1318 0x00000001126a9510 code [0x00000001126a96c0, 0x00000001126a98c8]
Event: 2.376 Thread 0x00007fd972077200 1319       3       java.lang.invoke.MethodHandles$Lookup::makeHiddenClassDefiner (20 bytes)

GC Heap History (2 events):
Event: 2.032 GC heap before
{Heap before GC invocations=0 (full 0):
 garbage-first heap   total reserved 2097152K, committed 133120K, used 15377K [0x0000000780000000, 0x0000000800000000)
  region size 1024K, 14 young (14336K), 0 survivors (0K)
 Metaspace       used 10748K, committed 11072K, reserved 1114112K
  class space    used 1262K, committed 1408K, reserved 1048576K
}
Event: 2.063 GC heap after
{Heap after GC invocations=1 (full 0):
 garbage-first heap   total reserved 2097152K, committed 133120K, used 4011K [0x0000000780000000, 0x0000000800000000)
  region size 1024K, 2 young (2048K), 2 survivors (2048K)
 Metaspace       used 10748K, committed 11072K, reserved 1114112K
  class space    used 1262K, committed 1408K, reserved 1048576K
}

Dll operation events (14 events):
Event: 0.017 Loaded shared library /Library/Java/JavaVirtualMachines/jdk-22.jdk/Contents/Home/lib/libjava.dylib
Event: 0.243 Loaded shared library /Library/Java/JavaVirtualMachines/jdk-22.jdk/Contents/Home/lib/libzip.dylib
Event: 0.248 Loaded shared library /Library/Java/JavaVirtualMachines/jdk-22.jdk/Contents/Home/lib/libinstrument.dylib
Event: 0.290 Loaded shared library /Library/Java/JavaVirtualMachines/jdk-22.jdk/Contents/Home/lib/libnio.dylib
Event: 0.306 Loaded shared library /Library/Java/JavaVirtualMachines/jdk-22.jdk/Contents/Home/lib/libzip.dylib
Event: 0.330 Loaded shared library /Library/Java/JavaVirtualMachines/jdk-22.jdk/Contents/Home/lib/libnet.dylib
Event: 0.344 Loaded shared library /Library/Java/JavaVirtualMachines/jdk-22.jdk/Contents/Home/lib/libextnet.dylib
Event: 0.372 Loaded shared library /Library/Java/JavaVirtualMachines/jdk-22.jdk/Contents/Home/lib/libjimage.dylib
Event: 0.527 Loaded shared library /Library/Java/JavaVirtualMachines/jdk-22.jdk/Contents/Home/lib/libmanagement.dylib
Event: 0.545 Loaded shared library /Library/Java/JavaVirtualMachines/jdk-22.jdk/Contents/Home/lib/libawt.dylib
Event: 0.549 Loaded shared library /Library/Java/JavaVirtualMachines/jdk-22.jdk/Contents/Home/lib/libmanagement_ext.dylib
Event: 0.561 Loaded shared library /Library/Java/JavaVirtualMachines/jdk-22.jdk/Contents/Home/lib/libawt_lwawt.dylib
Event: 0.797 Loaded shared library /Library/Java/JavaVirtualMachines/jdk-22.jdk/Contents/Home/lib/libfontmanager.dylib
Event: 1.584 Loaded shared library /Library/Java/JavaVirtualMachines/jdk-22.jdk/Contents/Home/lib/libosxui.dylib

Deoptimization events (20 events):
Event: 1.749 Thread 0x00007fd970009200 Uncommon trap: trap_request=0xffffffc6 fr.pc=0x0000000119f9d748 relative=0x0000000000000c48
Event: 1.749 Thread 0x00007fd970009200 Uncommon trap: reason=bimorphic_or_optimized_type_check action=maybe_recompile pc=0x0000000119f9d748 method=java.util.HashMap.putVal(ILjava/lang/Object;Ljava/lang/Object;ZZ)Ljava/lang/Object; @ 152 c2
Event: 1.749 Thread 0x00007fd970009200 DEOPT PACKING pc=0x0000000119f9d748 sp=0x000070000d984280
Event: 1.749 Thread 0x00007fd970009200 DEOPT UNPACKING pc=0x0000000119a2ff99 sp=0x000070000d9841b8 mode 2
Event: 1.749 Thread 0x00007fd970009200 Uncommon trap: trap_request=0xffffffc6 fr.pc=0x0000000119f9d728 relative=0x0000000000000c28
Event: 1.749 Thread 0x00007fd970009200 Uncommon trap: reason=bimorphic_or_optimized_type_check action=maybe_recompile pc=0x0000000119f9d728 method=java.util.HashMap.putVal(ILjava/lang/Object;Ljava/lang/Object;ZZ)Ljava/lang/Object; @ 56 c2
Event: 1.749 Thread 0x00007fd970009200 DEOPT PACKING pc=0x0000000119f9d728 sp=0x000070000d984280
Event: 1.749 Thread 0x00007fd970009200 DEOPT UNPACKING pc=0x0000000119a2ff99 sp=0x000070000d9841b0 mode 2
Event: 1.749 Thread 0x00007fd970009200 Uncommon trap: trap_request=0xffffffc6 fr.pc=0x0000000119f9d748 relative=0x0000000000000c48
Event: 1.749 Thread 0x00007fd970009200 Uncommon trap: reason=bimorphic_or_optimized_type_check action=maybe_recompile pc=0x0000000119f9d748 method=java.util.HashMap.putVal(ILjava/lang/Object;Ljava/lang/Object;ZZ)Ljava/lang/Object; @ 152 c2
Event: 1.749 Thread 0x00007fd970009200 DEOPT PACKING pc=0x0000000119f9d748 sp=0x000070000d984280
Event: 1.749 Thread 0x00007fd970009200 DEOPT UNPACKING pc=0x0000000119a2ff99 sp=0x000070000d9841b8 mode 2
Event: 1.824 Thread 0x00007fd970009200 Uncommon trap: trap_request=0xffffff45 fr.pc=0x0000000119f7dbec relative=0x000000000000006c
Event: 1.824 Thread 0x00007fd970009200 Uncommon trap: reason=unstable_if action=reinterpret pc=0x0000000119f7dbec method=java.lang.String.isLatin1()Z @ 10 c2
Event: 1.824 Thread 0x00007fd970009200 DEOPT PACKING pc=0x0000000119f7dbec sp=0x000070000d9841a0
Event: 1.824 Thread 0x00007fd970009200 DEOPT UNPACKING pc=0x0000000119a2ff99 sp=0x000070000d984150 mode 2
Event: 1.826 Thread 0x00007fd970009200 Uncommon trap: trap_request=0xffffff45 fr.pc=0x0000000119f99454 relative=0x0000000000000054
Event: 1.826 Thread 0x00007fd970009200 Uncommon trap: reason=unstable_if action=reinterpret pc=0x0000000119f99454 method=java.lang.CharacterData.of(I)Ljava/lang/CharacterData; @ 4 c2
Event: 1.826 Thread 0x00007fd970009200 DEOPT PACKING pc=0x0000000119f99454 sp=0x000070000d983cc0
Event: 1.826 Thread 0x00007fd970009200 DEOPT UNPACKING pc=0x0000000119a2ff99 sp=0x000070000d983c80 mode 2

Classes loaded (20 events):
Event: 2.361 Loading class sun/awt/NullComponentPeer
Event: 2.362 Loading class java/awt/peer/PanelPeer
Event: 2.362 Loading class java/awt/peer/PanelPeer done
Event: 2.363 Loading class sun/awt/NullComponentPeer done
Event: 2.363 Loading class java/applet/Applet
Event: 2.363 Loading class java/awt/Panel
Event: 2.363 Loading class java/awt/Panel done
Event: 2.363 Loading class java/applet/Applet done
Event: 2.364 Loading class sun/awt/event/IgnorePaintEvent
Event: 2.364 Loading class sun/awt/event/IgnorePaintEvent done
Event: 2.368 Loading class java/awt/geom/Point2D$Double
Event: 2.369 Loading class java/awt/geom/Point2D$Double done
Event: 2.369 Loading class java/awt/SplashScreen
Event: 2.369 Loading class java/awt/SplashScreen done
Event: 2.371 Loading class java/awt/Dialog$ModalityType
Event: 2.371 Loading class java/awt/Dialog$ModalityType done
Event: 2.371 Loading class sun/lwawt/macosx/CImage
Event: 2.372 Loading class sun/lwawt/macosx/CImage done
Event: 2.372 Loading class sun/lwawt/macosx/CImage$Creator
Event: 2.372 Loading class sun/lwawt/macosx/CImage$Creator done

Classes unloaded (0 events):
No events

Classes redefined (0 events):
No events

Internal exceptions (20 events):
Event: 1.991 Thread 0x00007fd9721dac00 Exception <a 'java/lang/NoSuchMethodError'{0x00000007873ef8a0}: static [B.<clinit>()V> (0x00000007873ef8a0) 
thrown [open/src/hotspot/share/prims/jni.cpp, line 1111]
Event: 1.993 Thread 0x00007fd9721dac00 Exception <a 'java/lang/NoSuchMethodError'{0x00000007873f3a18}: 'java.lang.Object java.lang.invoke.DirectMethodHandle$Holder.invokeInterface(java.lang.Object, java.lang.Object, java.lang.Object)'> (0x00000007873f3a18) 
thrown [open/src/hotspot/share/interpreter/linkResolver.cpp, line 774]
Event: 2.012 Thread 0x00007fd9721dac00 Exception <a 'java/lang/ClassNotFoundException'{0x00000007872610f0}: javax/management/remote/rmi/RMIConnectionImpl_Skel> (0x00000007872610f0) 
thrown [open/src/hotspot/share/classfile/systemDictionary.cpp, line 313]
Event: 2.015 Thread 0x00007fd97027e400 Exception <a 'java/lang/NoSuchMethodError'{0x00000007872bbed8}: 'java.lang.Object java.lang.invoke.Invokers$Holder.linkToTargetMethod(java.lang.Object, long, java.lang.Object)'> (0x00000007872bbed8) 
thrown [open/src/hotspot/share/interpreter/linkResolver.cpp, line 774]
Event: 2.025 Thread 0x00007fd9721dac00 Exception <a 'java/lang/NoSuchMethodError'{0x0000000787280d10}: 'java.lang.Object java.lang.invoke.DirectMethodHandle$Holder.invokeInterface(java.lang.Object, java.lang.Object)'> (0x0000000787280d10) 
thrown [open/src/hotspot/share/interpreter/linkResolver.cpp, line 774]
Event: 2.032 Thread 0x00007fd9721dac00 Exception <a 'java/lang/NoSuchMethodError'{0x00000007872e4260}: 'int java.lang.invoke.DelegatingMethodHandle$Holder.reinvoke_L(java.lang.Object, java.lang.Object, java.lang.Object, java.lang.Object, java.lang.Object)'> (0x00000007872e4260) 
thrown [open/src/hotspot/share/interpreter/linkResolver.cpp, line 774]
Event: 2.074 Thread 0x00007fd9721dac00 Exception <a 'java/lang/NoSuchMethodError'{0x0000000787f60ed0}: 'java.lang.Object java.lang.invoke.DirectMethodHandle$Holder.invokeInterface(java.lang.Object, java.lang.Object, java.lang.Object, java.lang.Object, java.lang.Object)'> (0x0000000787f60ed0) 
thrown [open/src/hotspot/share/interpreter/linkResolver.cpp, line 774]
Event: 2.081 Thread 0x00007fd9721dac00 Exception <a 'java/lang/NoSuchMethodError'{0x0000000787e07560}: 'double java.lang.invoke.DirectMethodHandle$Holder.invokeInterface(java.lang.Object, java.lang.Object)'> (0x0000000787e07560) 
thrown [open/src/hotspot/share/interpreter/linkResolver.cpp, line 774]
Event: 2.083 Thread 0x00007fd9721dac00 Exception <a 'java/lang/NoSuchMethodError'{0x0000000787e0ef00}: 'double java.lang.invoke.DelegatingMethodHandle$Holder.reinvoke_L(java.lang.Object, java.lang.Object)'> (0x0000000787e0ef00) 
thrown [open/src/hotspot/share/interpreter/linkResolver.cpp, line 774]
Event: 2.085 Thread 0x00007fd970009200 Exception <a 'java/lang/NoSuchMethodError'{0x0000000787fb4788}: 'void java.lang.invoke.Invokers$Holder.invokeExact_MT(java.lang.Object, java.lang.Object, java.lang.Object, java.lang.Object)'> (0x0000000787fb4788) 
thrown [open/src/hotspot/share/interpreter/linkResolver.cpp, line 774]
Event: 2.096 Thread 0x00007fd9721dac00 Exception <a 'java/lang/NoSuchMethodError'{0x0000000787e28278}: 'long java.lang.invoke.DirectMethodHandle$Holder.invokeVirtual(java.lang.Object, java.lang.Object)'> (0x0000000787e28278) 
thrown [open/src/hotspot/share/interpreter/linkResolver.cpp, line 774]
Event: 2.096 Thread 0x00007fd9721dac00 Exception <a 'java/lang/NoSuchMethodError'{0x0000000787e2b858}: 'long java.lang.invoke.DelegatingMethodHandle$Holder.reinvoke_L(java.lang.Object, java.lang.Object)'> (0x0000000787e2b858) 
thrown [open/src/hotspot/share/interpreter/linkResolver.cpp, line 774]
Event: 2.110 Thread 0x00007fd970009200 Exception <a 'java/lang/NoSuchMethodError'{0x0000000787fbff68}: 'java.lang.Object java.lang.invoke.DirectMethodHandle$Holder.newInvokeSpecial(java.lang.Object, java.lang.Object, java.lang.Object, int, java.lang.Object)'> (0x0000000787fbff68) 
thrown [open/src/hotspot/share/interpreter/linkResolver.cpp, line 774]
Event: 2.112 Thread 0x00007fd970009200 Exception <a 'java/lang/NoSuchMethodError'{0x0000000787fc7700}: 'java.lang.Object java.lang.invoke.Invokers$Holder.linkToTargetMethod(java.lang.Object, java.lang.Object, int, java.lang.Object, java.lang.Object)'> (0x0000000787fc7700) 
thrown [open/src/hotspot/share/interpreter/linkResolver.cpp, line 774]
Event: 2.182 Thread 0x00007fd970009200 Exception <a 'java/lang/NoSuchMethodError'{0x0000000787fcb768}: 'void java.lang.invoke.DirectMethodHandle$Holder.invokeStatic(java.lang.Object, int, long)'> (0x0000000787fcb768) 
thrown [open/src/hotspot/share/interpreter/linkResolver.cpp, line 774]
Event: 2.195 Thread 0x00007fd970a32000 Exception <a 'java/lang/NoSuchMethodError'{0x0000000787f01b00}: 'void java.lang.invoke.DirectMethodHandle$Holder.invokeStatic(java.lang.Object, long)'> (0x0000000787f01b00) 
thrown [open/src/hotspot/share/interpreter/linkResolver.cpp, line 774]
Event: 2.249 Thread 0x00007fd970009200 Exception <a 'java/lang/NoSuchMethodError'{0x0000000787e85a70}: 'java.lang.Object java.lang.invoke.Invokers$Holder.linkToTargetMethod(int, int, int, int, java.lang.Object)'> (0x0000000787e85a70) 
thrown [open/src/hotspot/share/interpreter/linkResolver.cpp, line 774]
Event: 2.250 Thread 0x00007fd970009200 Exception <a 'java/lang/NoSuchMethodError'{0x0000000787ea7fb8}: 'void java.lang.invoke.DirectMethodHandle$Holder.invokeStatic(java.lang.Object, java.lang.Object, long)'> (0x0000000787ea7fb8) 
thrown [open/src/hotspot/share/interpreter/linkResolver.cpp, line 774]
Event: 2.374 Thread 0x00007fd970009200 Exception <a 'java/lang/NoSuchMethodError'{0x0000000787eba800}: 'void java.lang.invoke.DirectMethodHandle$Holder.invokeSpecial(java.lang.Object, java.lang.Object, long)'> (0x0000000787eba800) 
thrown [open/src/hotspot/share/interpreter/linkResolver.cpp, line 774]
Event: 2.375 Thread 0x00007fd970009200 Exception <a 'java/lang/NoSuchMethodError'{0x0000000787ebfd38}: 'void java.lang.invoke.DirectMethodHandle$Holder.invokeStatic(java.lang.Object, long, long)'> (0x0000000787ebfd38) 
thrown [open/src/hotspot/share/interpreter/linkResolver.cpp, line 774]

ZGC Phase Switch (0 events):
No events

VM Operations (20 events):
Event: 0.536 Executing VM operation: HandshakeAllThreads (Deoptimize)
Event: 0.536 Executing VM operation: HandshakeAllThreads (Deoptimize) done
Event: 0.714 Executing VM operation: HandshakeAllThreads (Deoptimize)
Event: 0.714 Executing VM operation: HandshakeAllThreads (Deoptimize) done
Event: 0.765 Executing VM operation: HandshakeAllThreads (Deoptimize)
Event: 0.765 Executing VM operation: HandshakeAllThreads (Deoptimize) done
Event: 1.453 Executing VM operation: HandshakeAllThreads (Deoptimize)
Event: 1.453 Executing VM operation: HandshakeAllThreads (Deoptimize) done
Event: 1.453 Executing VM operation: Cleanup
Event: 1.454 Executing VM operation: Cleanup done
Event: 1.509 Executing VM operation: HandshakeAllThreads (Deoptimize)
Event: 1.509 Executing VM operation: HandshakeAllThreads (Deoptimize) done
Event: 1.538 Executing VM operation: HandshakeAllThreads (Deoptimize)
Event: 1.539 Executing VM operation: HandshakeAllThreads (Deoptimize) done
Event: 1.826 Executing VM operation: HandshakeAllThreads (Deoptimize)
Event: 1.826 Executing VM operation: HandshakeAllThreads (Deoptimize) done
Event: 2.011 Executing VM operation: HandshakeAllThreads (Deoptimize)
Event: 2.011 Executing VM operation: HandshakeAllThreads (Deoptimize) done
Event: 2.032 Executing VM operation: G1CollectForAllocation (G1 Evacuation Pause)
Event: 2.063 Executing VM operation: G1CollectForAllocation (G1 Evacuation Pause) done

Memory protections (20 events):
Event: 0.107 Protecting memory [0x000070000e1a3000,0x000070000e1a7000] with protection modes 0
Event: 0.107 Protecting memory [0x000070000e2a6000,0x000070000e2aa000] with protection modes 0
Event: 0.108 Protecting memory [0x000070000e3a9000,0x000070000e3ad000] with protection modes 0
Event: 0.108 Protecting memory [0x000070000e4ac000,0x000070000e4b0000] with protection modes 0
Event: 0.108 Protecting memory [0x000070000e5af000,0x000070000e5b3000] with protection modes 0
Event: 0.108 Protecting memory [0x000070000e6b2000,0x000070000e6b6000] with protection modes 0
Event: 0.121 Protecting memory [0x000070000e7b5000,0x000070000e7b9000] with protection modes 0
Event: 0.191 Protecting memory [0x000070000e8b8000,0x000070000e8bc000] with protection modes 0
Event: 0.301 Protecting memory [0x000070000e9bb000,0x000070000e9bf000] with protection modes 0
Event: 0.327 Protecting memory [0x000070000eabe000,0x000070000eac2000] with protection modes 0
Event: 0.327 Protecting memory [0x000070000ebc1000,0x000070000ebc5000] with protection modes 0
Event: 0.810 Protecting memory [0x00007ff7bb789000,0x00007ff7bb78d000] with protection modes 0
Event: 1.017 Protecting memory [0x000070000ed47000,0x000070000ed4b000] with protection modes 0
Event: 1.492 Protecting memory [0x000070000efd3000,0x000070000efd7000] with protection modes 0
Event: 1.500 Protecting memory [0x000070000f0d6000,0x000070000f0da000] with protection modes 0
Event: 1.895 Protecting memory [0x000070000f1d9000,0x000070000f1dd000] with protection modes 0
Event: 1.946 Protecting memory [0x000070000f2dc000,0x000070000f2e0000] with protection modes 0
Event: 1.989 Protecting memory [0x000070000f3df000,0x000070000f3e3000] with protection modes 0
Event: 2.007 Protecting memory [0x000070000f4e2000,0x000070000f4e6000] with protection modes 0
Event: 2.032 Protecting memory [0x000070000f5e5000,0x000070000f5e9000] with protection modes 0

Nmethod flushes (0 events):
No events

Events (20 events):
Event: 0.107 Thread 0x00007fd970009200 Thread added: 0x00007fd970821000
Event: 0.107 Thread 0x00007fd970009200 Thread added: 0x00007fd97000be00
Event: 0.108 Thread 0x00007fd970009200 Thread added: 0x00007fd97001ea00
Event: 0.108 Thread 0x00007fd970009200 Thread added: 0x00007fd970823a00
Event: 0.108 Thread 0x00007fd970009200 Thread added: 0x00007fd970824200
Event: 0.108 Thread 0x00007fd970009200 Thread added: 0x00007fd972076400
Event: 0.121 Thread 0x00007fd970009200 Thread added: 0x00007fd972077200
Event: 0.191 Thread 0x00007fd970009200 Thread added: 0x00007fd97001f200
Event: 0.301 Thread 0x00007fd97001ea00 Thread added: 0x00007fd97206f000
Event: 0.327 Thread 0x00007fd970009200 Thread added: 0x00007fd972077a00
Event: 0.327 Thread 0x00007fd970009200 Thread added: 0x00007fd9708ae000
Event: 0.810 Thread 0x00007fd97001a600 Thread added: 0x00007fd97001a600
Event: 1.017 Thread 0x00007fd97001a600 Thread added: 0x00007fd970905e00
Event: 1.492 Thread 0x00007fd970009200 Thread added: 0x00007fd97215e400
Event: 1.500 Thread 0x00007fd970009200 Thread added: 0x00007fd972138800
Event: 1.895 Thread 0x00007fd97206f000 Thread added: 0x00007fd9711dd200
Event: 1.946 Thread 0x00007fd9711dd200 Thread added: 0x00007fd9721dac00
Event: 1.989 Thread 0x00007fd9721dac00 Thread added: 0x00007fd970168200
Event: 2.007 Thread 0x00007fd9721dac00 Thread added: 0x00007fd97027e400
Event: 2.032 Thread 0x00007fd970009200 Thread added: 0x00007fd970a32000


Dynamic libraries:
0x00000001040a8000 	/Library/Java/JavaVirtualMachines/jdk-22.jdk/Contents/Home/lib/libjli.dylib
0x00007ff80d548000 	/usr/lib/libz.1.dylib
0x00007ff80d628000 	/usr/lib/libSystem.B.dylib
0x00007ff80d623000 	/usr/lib/system/libcache.dylib
0x00007ff80d5df000 	/usr/lib/system/libcommonCrypto.dylib
0x00007ff80d608000 	/usr/lib/system/libcompiler_rt.dylib
0x00007ff80d5fe000 	/usr/lib/system/libcopyfile.dylib
0x00007ff8025b1000 	/usr/lib/system/libcorecrypto.dylib
0x00007ff80266f000 	/usr/lib/system/libdispatch.dylib
0x00007ff802830000 	/usr/lib/system/libdyld.dylib
0x00007ff80d61a000 	/usr/lib/system/libkeymgr.dylib
0x00007ff80d5bd000 	/usr/lib/system/libmacho.dylib
0x00007ff80cc3e000 	/usr/lib/system/libquarantine.dylib
0x00007ff80d618000 	/usr/lib/system/libremovefile.dylib
0x00007ff8077c9000 	/usr/lib/system/libsystem_asl.dylib
0x00007ff80255a000 	/usr/lib/system/libsystem_blocks.dylib
0x00007ff8026f4000 	/usr/lib/system/libsystem_c.dylib
0x00007ff80d610000 	/usr/lib/system/libsystem_collections.dylib
0x00007ff80bef2000 	/usr/lib/system/libsystem_configuration.dylib
0x00007ff80b19b000 	/usr/lib/system/libsystem_containermanager.dylib
0x00007ff80d2f5000 	/usr/lib/system/libsystem_coreservices.dylib
0x00007ff804e67000 	/usr/lib/system/libsystem_darwin.dylib
0x00007ff80d61b000 	/usr/lib/system/libsystem_dnssd.dylib
0x00007ff8026f1000 	/usr/lib/system/libsystem_featureflags.dylib
0x00007ff802846000 	/usr/lib/system/libsystem_info.dylib
0x00007ff80d55b000 	/usr/lib/system/libsystem_m.dylib
0x00007ff802643000 	/usr/lib/system/libsystem_malloc.dylib
0x00007ff807764000 	/usr/lib/system/libsystem_networkextension.dylib
0x00007ff805291000 	/usr/lib/system/libsystem_notify.dylib
0x00007ff81389f000 	/usr/lib/system/libsystem_product_info_filter.dylib
0x00007ff80bef6000 	/usr/lib/system/libsystem_sandbox.dylib
0x00007ff80d615000 	/usr/lib/system/libsystem_secinit.dylib
0x00007ff8027ec000 	/usr/lib/system/libsystem_kernel.dylib
0x00007ff80283c000 	/usr/lib/system/libsystem_platform.dylib
0x00007ff802824000 	/usr/lib/system/libsystem_pthread.dylib
0x00007ff809017000 	/usr/lib/system/libsystem_symptoms.dylib
0x00007ff802598000 	/usr/lib/system/libsystem_trace.dylib
0x00007ff80d5eb000 	/usr/lib/system/libunwind.dylib
0x00007ff80255c000 	/usr/lib/system/libxpc.dylib
0x00007ff8027d6000 	/usr/lib/libc++abi.dylib
0x00007ff8026b6000 	/usr/lib/libobjc.A.dylib
0x00007ff80d5f6000 	/usr/lib/liboah.dylib
0x00007ff80277d000 	/usr/lib/libc++.1.dylib
0x00007ff8196bc000 	/System/Library/Frameworks/Cocoa.framework/Versions/A/Cocoa
0x00007ff8052ef000 	/System/Library/Frameworks/AppKit.framework/Versions/C/AppKit
0x00007ff808805000 	/System/Library/Frameworks/CoreData.framework/Versions/A/CoreData
0x00007ff8036ee000 	/System/Library/Frameworks/Foundation.framework/Versions/C/Foundation
0x00007ff80617f000 	/System/Library/PrivateFrameworks/UIFoundation.framework/Versions/A/UIFoundation
0x00007ff8135a2000 	/System/Library/PrivateFrameworks/RemoteViewServices.framework/Versions/A/RemoteViewServices
0x00007ff80b87b000 	/System/Library/PrivateFrameworks/XCTTargetBootstrap.framework/Versions/A/XCTTargetBootstrap
0x00007ff80f438000 	/System/Library/PrivateFrameworks/InternationalSupport.framework/Versions/A/InternationalSupport
0x00007ff80f4c2000 	/System/Library/PrivateFrameworks/UserActivity.framework/Versions/A/UserActivity
0x00007ff80e810000 	/usr/lib/libspindump.dylib
0x00007ff80640e000 	/System/Library/Frameworks/UniformTypeIdentifiers.framework/Versions/A/UniformTypeIdentifiers
0x00007ff809fa0000 	/usr/lib/libapp_launch_measurement.dylib
0x00007ff8091d7000 	/System/Library/PrivateFrameworks/CoreAnalytics.framework/Versions/A/CoreAnalytics
0x00007ff809fa3000 	/System/Library/PrivateFrameworks/CoreAutoLayout.framework/Versions/A/CoreAutoLayout
0x00007ff80b1d3000 	/System/Library/Frameworks/Metal.framework/Versions/A/Metal
0x00007ff80bf02000 	/usr/lib/liblangid.dylib
0x00007ff80b880000 	/System/Library/PrivateFrameworks/CoreSVG.framework/Versions/A/CoreSVG
0x00007ff8077f9000 	/System/Library/PrivateFrameworks/SkyLight.framework/Versions/A/SkyLight
0x00007ff807b98000 	/System/Library/Frameworks/CoreGraphics.framework/Versions/A/CoreGraphics
0x00007ff813c64000 	/System/Library/Frameworks/Accelerate.framework/Versions/A/Accelerate
0x00007ff80e28f000 	/System/Library/PrivateFrameworks/IconServices.framework/Versions/A/IconServices
0x00007ff80b1b8000 	/System/Library/Frameworks/IOSurface.framework/Versions/A/IOSurface
0x00007ff809205000 	/usr/lib/libDiagnosticMessagesClient.dylib
0x00007ff817360000 	/System/Library/Frameworks/ApplicationServices.framework/Versions/A/ApplicationServices
0x00007ff80b867000 	/System/Library/PrivateFrameworks/DFRFoundation.framework/Versions/A/DFRFoundation
0x00007ff804bd3000 	/usr/lib/libicucore.A.dylib
0x00007ff81022e000 	/System/Library/Frameworks/AudioToolbox.framework/Versions/A/AudioToolbox
0x00007ff80f444000 	/System/Library/PrivateFrameworks/DataDetectorsCore.framework/Versions/A/DataDetectorsCore
0x00007ff90b948000 	/System/Library/PrivateFrameworks/TextInput.framework/Versions/A/TextInput
0x00007ff80777c000 	/usr/lib/libMobileGestalt.dylib
0x00007ff80b573000 	/System/Library/Frameworks/Carbon.framework/Versions/A/Frameworks/HIToolbox.framework/Versions/A/HIToolbox
0x00007ff8099a2000 	/System/Library/Frameworks/QuartzCore.framework/Versions/A/QuartzCore
0x00007ff804878000 	/System/Library/Frameworks/Security.framework/Versions/A/Security
0x00007ff8135da000 	/System/Library/Frameworks/Carbon.framework/Versions/A/Frameworks/SpeechRecognition.framework/Versions/A/SpeechRecognition
0x00007ff809d00000 	/System/Library/PrivateFrameworks/CoreUI.framework/Versions/A/CoreUI
0x00007ff804142000 	/System/Library/Frameworks/CoreAudio.framework/Versions/A/CoreAudio
0x00007ff8092f4000 	/System/Library/Frameworks/DiskArbitration.framework/Versions/A/DiskArbitration
0x00007ff80ec01000 	/System/Library/PrivateFrameworks/MultitouchSupport.framework/Versions/A/MultitouchSupport
0x00007ff80777b000 	/usr/lib/libenergytrace.dylib
0x00007ff8051d7000 	/System/Library/Frameworks/IOKit.framework/Versions/A/IOKit
0x00007ff8139cc000 	/System/Library/Frameworks/CoreServices.framework/Versions/A/CoreServices
0x00007ff809f3a000 	/System/Library/PrivateFrameworks/PerformanceAnalysis.framework/Versions/A/PerformanceAnalysis
0x00007ffa1b616000 	/System/Library/Frameworks/OpenGL.framework/Versions/A/OpenGL
0x00007ff80cb64000 	/System/Library/PrivateFrameworks/MobileKeyBag.framework/Versions/A/MobileKeyBag
0x00007ff808264000 	/System/Library/Frameworks/ColorSync.framework/Versions/A/ColorSync
0x00007ff802871000 	/System/Library/Frameworks/CoreFoundation.framework/Versions/A/CoreFoundation
0x00007ff80baf8000 	/System/Library/Frameworks/CoreImage.framework/Versions/A/CoreImage
0x00007ff803f56000 	/System/Library/Frameworks/CoreText.framework/Versions/A/CoreText
0x00007ff80b8b0000 	/System/Library/Frameworks/ImageIO.framework/Versions/A/ImageIO
0x00007ff80d62e000 	/System/Library/PrivateFrameworks/SoftLinking.framework/Versions/A/SoftLinking
0x00007ff809feb000 	/usr/lib/libxml2.2.dylib
0x00007ff80d8b2000 	/usr/lib/libcompression.dylib
0x00007ff80f36b000 	/System/Library/PrivateFrameworks/TextureIO.framework/Versions/A/TextureIO
0x00007ff80dfa0000 	/usr/lib/libate.dylib
0x00007ff80dd7c000 	/usr/lib/liblzma.5.dylib
0x00007ff803400000 	/System/Library/Frameworks/SystemConfiguration.framework/Versions/A/SystemConfiguration
0x00007ff80d62a000 	/usr/lib/libfakelink.dylib
0x00007ff8072d5000 	/System/Library/Frameworks/CFNetwork.framework/Versions/A/CFNetwork
0x00007ff80d76b000 	/usr/lib/libarchive.2.dylib
0x00007ff80befe000 	/System/Library/PrivateFrameworks/AppleSystemInfo.framework/Versions/A/AppleSystemInfo
0x00007ff80cc65000 	/usr/lib/libbsm.0.dylib
0x00007ff8068e4000 	/usr/lib/libnetwork.dylib
0x00007ff80d5c3000 	/usr/lib/system/libkxld.dylib
0x00007ff80c898000 	/System/Library/PrivateFrameworks/IOMobileFramebuffer.framework/Versions/A/IOMobileFramebuffer
0x00007ffb1afcc000 	/usr/lib/libCoreEntitlements.dylib
0x00007ff80d2d7000 	/System/Library/PrivateFrameworks/AppleFSCompression.framework/Versions/A/AppleFSCompression
0x00007ff80cc4d000 	/usr/lib/libcoretls.dylib
0x00007ff80dd96000 	/usr/lib/libcoretls_cfhelpers.dylib
0x00007ff80d8ac000 	/usr/lib/libpam.2.dylib
0x00007ff808c36000 	/usr/lib/libsqlite3.dylib
0x00007ff80de05000 	/usr/lib/libxar.1.dylib
0x00007ff80d2e7000 	/usr/lib/libbz2.1.0.dylib
0x00007ff80d62f000 	/usr/lib/libpcap.A.dylib
0x00007ff80900f000 	/usr/lib/libdns_services.dylib
0x00007ff80d87c000 	/usr/lib/libapple_nghttp2.dylib
0x00007ff80d669000 	/usr/lib/libiconv.2.dylib
0x00007ff80d5bc000 	/usr/lib/libcharset.1.dylib
0x00007ff809f6e000 	/System/Library/Frameworks/CoreServices.framework/Versions/A/Frameworks/FSEvents.framework/Versions/A/FSEvents
0x00007ff804e71000 	/System/Library/Frameworks/CoreServices.framework/Versions/A/Frameworks/CarbonCore.framework/Versions/A/CarbonCore
0x00007ff809258000 	/System/Library/Frameworks/CoreServices.framework/Versions/A/Frameworks/Metadata.framework/Versions/A/Metadata
0x00007ff80d2fa000 	/System/Library/Frameworks/CoreServices.framework/Versions/A/Frameworks/OSServices.framework/Versions/A/OSServices
0x00007ff80d7f1000 	/System/Library/Frameworks/CoreServices.framework/Versions/A/Frameworks/SearchKit.framework/Versions/A/SearchKit
0x00007ff808fa1000 	/System/Library/Frameworks/CoreServices.framework/Versions/A/Frameworks/AE.framework/Versions/A/AE
0x00007ff802d74000 	/System/Library/Frameworks/CoreServices.framework/Versions/A/Frameworks/LaunchServices.framework/Versions/A/LaunchServices
0x00007ff80dd2d000 	/System/Library/Frameworks/CoreServices.framework/Versions/A/Frameworks/DictionaryServices.framework/Versions/A/DictionaryServices
0x00007ff809f7b000 	/System/Library/Frameworks/CoreServices.framework/Versions/A/Frameworks/SharedFileList.framework/Versions/A/SharedFileList
0x00007ff80cc41000 	/usr/lib/libCheckFix.dylib
0x00007ff8077e0000 	/System/Library/PrivateFrameworks/TCC.framework/Versions/A/TCC
0x00007ff80bf04000 	/System/Library/PrivateFrameworks/CoreNLP.framework/Versions/A/CoreNLP
0x00007ff809208000 	/System/Library/PrivateFrameworks/MetadataUtilities.framework/Versions/A/MetadataUtilities
0x00007ff8034b1000 	/usr/lib/libmecabra.dylib
0x00007ff80cc75000 	/usr/lib/libmecab.dylib
0x00007ff80347c000 	/usr/lib/libCRFSuite.dylib
0x00007ff80cccf000 	/usr/lib/libgermantok.dylib
0x00007ff80d857000 	/usr/lib/libThaiTokenizer.dylib
0x00007ff8092fb000 	/System/Library/Frameworks/Accelerate.framework/Versions/A/Frameworks/vImage.framework/Versions/A/vImage
0x00007ff8139a3000 	/System/Library/Frameworks/Accelerate.framework/Versions/A/Frameworks/vecLib.framework/Versions/A/vecLib
0x00007ff80de46000 	/System/Library/Frameworks/Accelerate.framework/Versions/A/Frameworks/vecLib.framework/Versions/A/libvMisc.dylib
0x00007ff80c6c3000 	/System/Library/Frameworks/Accelerate.framework/Versions/A/Frameworks/vecLib.framework/Versions/A/libvDSP.dylib
0x00007ff8030f0000 	/System/Library/Frameworks/Accelerate.framework/Versions/A/Frameworks/vecLib.framework/Versions/A/libBLAS.dylib
0x00007ff80d98f000 	/System/Library/Frameworks/Accelerate.framework/Versions/A/Frameworks/vecLib.framework/Versions/A/libLAPACK.dylib
0x00007ff80ccd2000 	/System/Library/Frameworks/Accelerate.framework/Versions/A/Frameworks/vecLib.framework/Versions/A/libLinearAlgebra.dylib
0x00007ff80d894000 	/System/Library/Frameworks/Accelerate.framework/Versions/A/Frameworks/vecLib.framework/Versions/A/libSparseBLAS.dylib
0x00007ff80d989000 	/System/Library/Frameworks/Accelerate.framework/Versions/A/Frameworks/vecLib.framework/Versions/A/libQuadrature.dylib
0x00007ff80bfef000 	/System/Library/Frameworks/Accelerate.framework/Versions/A/Frameworks/vecLib.framework/Versions/A/libBNNS.dylib
0x00007ff80338a000 	/System/Library/Frameworks/Accelerate.framework/Versions/A/Frameworks/vecLib.framework/Versions/A/libSparse.dylib
0x00007ff80bfe8000 	/System/Library/PrivateFrameworks/LinguisticData.framework/Versions/A/LinguisticData
0x00007ff803340000 	/System/Library/PrivateFrameworks/Lexicon.framework/Versions/A/Lexicon
0x00007ff80de3f000 	/usr/lib/libChineseTokenizer.dylib
0x00007ff803aab000 	/System/Library/PrivateFrameworks/LanguageModeling.framework/Versions/A/LanguageModeling
0x00007ff80d859000 	/System/Library/PrivateFrameworks/AppleSauce.framework/Versions/A/AppleSauce
0x00007ff80c886000 	/System/Library/PrivateFrameworks/CoreEmoji.framework/Versions/A/CoreEmoji
0x00007ff80d75a000 	/usr/lib/libcmph.dylib
0x00007ff809f52000 	/System/Library/Frameworks/OpenDirectory.framework/Versions/A/Frameworks/CFOpenDirectory.framework/Versions/A/CFOpenDirectory
0x00007ff809f46000 	/System/Library/Frameworks/OpenDirectory.framework/Versions/A/OpenDirectory
0x00007ff80dd98000 	/System/Library/PrivateFrameworks/APFS.framework/Versions/A/APFS
0x00007ff80cb9c000 	/System/Library/Frameworks/SecurityFoundation.framework/Versions/A/SecurityFoundation
0x00007ff80de13000 	/usr/lib/libutil.dylib
0x00007ff80519b000 	/System/Library/PrivateFrameworks/CoreServicesStore.framework/Versions/A/CoreServicesStore
0x00007ff80de17000 	/usr/lib/libxslt.1.dylib
0x00007ff80cc29000 	/System/Library/PrivateFrameworks/BackgroundTaskManagement.framework/Versions/A/BackgroundTaskManagement
0x00007ff80f28b000 	/System/Library/Frameworks/ImageIO.framework/Versions/A/Resources/libRadiance.dylib
0x00007ff80f294000 	/System/Library/Frameworks/ImageIO.framework/Versions/A/Resources/libJPEG.dylib
0x00007ff80f1e0000 	/System/Library/Frameworks/ImageIO.framework/Versions/A/Resources/libPng.dylib
0x00007ff80f201000 	/System/Library/Frameworks/ImageIO.framework/Versions/A/Resources/libTIFF.dylib
0x00007ff80f2f4000 	/System/Library/Frameworks/ImageIO.framework/Versions/A/Resources/libGIF.dylib
0x00007ff80eb1a000 	/System/Library/Frameworks/ImageIO.framework/Versions/A/Resources/libJP2.dylib
0x00007ff80e255000 	/usr/lib/libexpat.1.dylib
0x00007ff80eacf000 	/System/Library/PrivateFrameworks/AppleJPEG.framework/Versions/A/AppleJPEG
0x00007ff80b438000 	/System/Library/PrivateFrameworks/FontServices.framework/libFontParser.dylib
0x00007ff808f4b000 	/System/Library/PrivateFrameworks/RunningBoardServices.framework/Versions/A/RunningBoardServices
0x00007ff819c77000 	/System/Library/PrivateFrameworks/IOSurfaceAccelerator.framework/Versions/A/IOSurfaceAccelerator
0x00007ff80ebfd000 	/System/Library/PrivateFrameworks/WatchdogClient.framework/Versions/A/WatchdogClient
0x00007ff803b99000 	/System/Library/Frameworks/CoreDisplay.framework/Versions/A/CoreDisplay
0x00007ff80b336000 	/System/Library/Frameworks/CoreMedia.framework/Versions/A/CoreMedia
0x00007ff80b1ca000 	/System/Library/PrivateFrameworks/IOAccelerator.framework/Versions/A/IOAccelerator
0x00007ff80a0cf000 	/System/Library/Frameworks/CoreVideo.framework/Versions/A/CoreVideo
0x00007ff80d8aa000 	/System/Library/Frameworks/MetalPerformanceShaders.framework/Versions/A/MetalPerformanceShaders
0x00007ff80ec3a000 	/System/Library/Frameworks/VideoToolbox.framework/Versions/A/VideoToolbox
0x00007ff808e95000 	/System/Library/PrivateFrameworks/BaseBoard.framework/Versions/A/BaseBoard
0x00007ff808c1c000 	/System/Library/PrivateFrameworks/ProtocolBuffer.framework/Versions/A/ProtocolBuffer
0x00007ff80f284000 	/System/Library/PrivateFrameworks/GPUWrangler.framework/Versions/A/GPUWrangler
0x00007ff80f268000 	/System/Library/PrivateFrameworks/IOPresentment.framework/Versions/A/IOPresentment
0x00007ff80f28e000 	/System/Library/PrivateFrameworks/DSExternalDisplay.framework/Versions/A/DSExternalDisplay
0x00007ffa1b60a000 	/System/Library/Frameworks/OpenGL.framework/Versions/A/Libraries/libCoreFSCache.dylib
0x00007ffb086df000 	/System/Library/PrivateFrameworks/GPUCompiler.framework/Versions/31001/Libraries/libGPUCompilerUtils.dylib
0x00007ff80f2f9000 	/System/Library/PrivateFrameworks/CMCaptureCore.framework/Versions/A/CMCaptureCore
0x00007ff80e7fe000 	/System/Library/PrivateFrameworks/AppServerSupport.framework/Versions/A/AppServerSupport
0x00007ff810ac7000 	/System/Library/PrivateFrameworks/perfdata.framework/Versions/A/perfdata
0x00007ff803cc5000 	/System/Library/PrivateFrameworks/AudioToolboxCore.framework/Versions/A/AudioToolboxCore
0x00007ff80b314000 	/System/Library/PrivateFrameworks/caulk.framework/Versions/A/caulk
0x00007ff8103d9000 	/usr/lib/libAudioStatistics.dylib
0x00007ff9080cd000 	/System/Library/PrivateFrameworks/SystemPolicy.framework/Versions/A/SystemPolicy
0x00007ff810634000 	/usr/lib/libSMC.dylib
0x00007ff81956f000 	/System/Library/Frameworks/CoreMIDI.framework/Versions/A/CoreMIDI
0x00007ff80f1af000 	/usr/lib/libAudioToolboxUtility.dylib
0x00007ff9042ed000 	/System/Library/PrivateFrameworks/OSAServicesClient.framework/Versions/A/OSAServicesClient
0x00007ff810ad4000 	/usr/lib/libperfcheck.dylib
0x00007ff908b7e000 	/usr/lib/libmis.dylib
0x00007ffa1b665000 	/System/Library/Frameworks/OpenGL.framework/Versions/A/Libraries/libGLU.dylib
0x00007ffa1b629000 	/System/Library/Frameworks/OpenGL.framework/Versions/A/Libraries/libGFXShared.dylib
0x00007ffa1b832000 	/System/Library/Frameworks/OpenGL.framework/Versions/A/Libraries/libGL.dylib
0x00007ffa1b632000 	/System/Library/Frameworks/OpenGL.framework/Versions/A/Libraries/libGLImage.dylib
0x00007ffa1b626000 	/System/Library/Frameworks/OpenGL.framework/Versions/A/Libraries/libCVMSPluginSupport.dylib
0x00007ffa1b611000 	/System/Library/Frameworks/OpenGL.framework/Versions/A/Libraries/libCoreVMClient.dylib
0x00007ff80be80000 	/System/Library/Frameworks/MetalPerformanceShaders.framework/Versions/A/Frameworks/MPSCore.framework/Versions/A/MPSCore
0x00007ff80d242000 	/System/Library/Frameworks/MetalPerformanceShaders.framework/Versions/A/Frameworks/MPSImage.framework/Versions/A/MPSImage
0x00007ff80cce8000 	/System/Library/Frameworks/MetalPerformanceShaders.framework/Versions/A/Frameworks/MPSNeuralNetwork.framework/Versions/A/MPSNeuralNetwork
0x00007ff80d15c000 	/System/Library/Frameworks/MetalPerformanceShaders.framework/Versions/A/Frameworks/MPSMatrix.framework/Versions/A/MPSMatrix
0x00007ff80cf17000 	/System/Library/Frameworks/MetalPerformanceShaders.framework/Versions/A/Frameworks/MPSRayIntersector.framework/Versions/A/MPSRayIntersector
0x00007ff80d194000 	/System/Library/Frameworks/MetalPerformanceShaders.framework/Versions/A/Frameworks/MPSNDArray.framework/Versions/A/MPSNDArray
0x00007ffa210ea000 	/System/Library/Frameworks/MetalPerformanceShaders.framework/Versions/A/Frameworks/MPSFunctions.framework/Versions/A/MPSFunctions
0x00007ff802fcc000 	/System/Library/PrivateFrameworks/MetalTools.framework/Versions/A/MetalTools
0x00007ff80befc000 	/System/Library/PrivateFrameworks/AggregateDictionary.framework/Versions/A/AggregateDictionary
0x00007ff80e037000 	/usr/lib/libIOReport.dylib
0x00007ffa1cc41000 	/System/Library/Frameworks/OpenCL.framework/Versions/A/OpenCL
0x00007ff80e39c000 	/System/Library/PrivateFrameworks/FaceCore.framework/Versions/A/FaceCore
0x00007ff80e38d000 	/System/Library/PrivateFrameworks/GraphVisualizer.framework/Versions/A/GraphVisualizer
0x00007ffb085ea000 	/System/Library/PrivateFrameworks/FontServices.framework/Versions/A/FontServices
0x00007ff80e7b6000 	/System/Library/PrivateFrameworks/OTSVG.framework/Versions/A/OTSVG
0x00007ff809cb5000 	/System/Library/Frameworks/ApplicationServices.framework/Versions/A/Frameworks/ATS.framework/Versions/A/Resources/libFontRegistry.dylib
0x00007ff80e806000 	/System/Library/PrivateFrameworks/FontServices.framework/libhvf.dylib
0x00007ffb085eb000 	/System/Library/PrivateFrameworks/FontServices.framework/libXTFontStaticRegistryData.dylib
0x00007ff80e205000 	/System/Library/PrivateFrameworks/AppleVA.framework/Versions/A/AppleVA
0x00007ff8103f9000 	/System/Library/Frameworks/ApplicationServices.framework/Versions/A/Frameworks/ATS.framework/Versions/A/ATS
0x00007ff808362000 	/System/Library/Frameworks/ApplicationServices.framework/Versions/A/Frameworks/HIServices.framework/Versions/A/HIServices
0x00007ff80f303000 	/System/Library/Frameworks/ApplicationServices.framework/Versions/A/Frameworks/PrintCore.framework/Versions/A/PrintCore
0x00007ff810787000 	/System/Library/Frameworks/ApplicationServices.framework/Versions/A/Frameworks/QD.framework/Versions/A/QD
0x00007ff81077f000 	/System/Library/Frameworks/ApplicationServices.framework/Versions/A/Frameworks/ColorSyncLegacy.framework/Versions/A/ColorSyncLegacy
0x00007ff8103e9000 	/System/Library/Frameworks/ApplicationServices.framework/Versions/A/Frameworks/SpeechSynthesis.framework/Versions/A/SpeechSynthesis
0x00007ff80f2c4000 	/System/Library/Frameworks/ApplicationServices.framework/Versions/A/Frameworks/ATSUI.framework/Versions/A/ATSUI
0x00007ff810714000 	/usr/lib/libcups.2.dylib
0x00007ff810ae3000 	/System/Library/Frameworks/Kerberos.framework/Versions/A/Kerberos
0x00007ff810af2000 	/System/Library/Frameworks/GSS.framework/Versions/A/GSS
0x00007ff810465000 	/usr/lib/libresolv.9.dylib
0x00007ff80e815000 	/System/Library/PrivateFrameworks/Heimdal.framework/Versions/A/Heimdal
0x00007ff8176f2000 	/System/Library/Frameworks/Kerberos.framework/Versions/A/Libraries/libHeimdalProxy.dylib
0x00007ff80901f000 	/System/Library/Frameworks/Network.framework/Versions/A/Network
0x00007ff80e270000 	/usr/lib/libheimdal-asn1.dylib
0x00007ff810b3d000 	/System/Library/PrivateFrameworks/CommonAuth.framework/Versions/A/CommonAuth
0x00007ff81036b000 	/System/Library/PrivateFrameworks/AudioSession.framework/Versions/A/AudioSession
0x00007ff80e300000 	/System/Library/PrivateFrameworks/MediaExperience.framework/Versions/A/MediaExperience
0x00007ff8101fd000 	/System/Library/PrivateFrameworks/AudioSession.framework/libSessionUtility.dylib
0x00007ff810793000 	/System/Library/PrivateFrameworks/AudioResourceArbitration.framework/Versions/A/AudioResourceArbitration
0x00007ff814816000 	/System/Library/PrivateFrameworks/PowerLog.framework/Versions/A/PowerLog
0x00007ff80e279000 	/System/Library/PrivateFrameworks/IconFoundation.framework/Versions/A/IconFoundation
0x00007ff8135ca000 	/System/Library/PrivateFrameworks/SpeechRecognitionCore.framework/Versions/A/SpeechRecognitionCore
0x00000001052e4000 	/Library/Java/JavaVirtualMachines/jdk-22.jdk/Contents/Home/lib/server/libjvm.dylib
0x00000001040df000 	/Library/Java/JavaVirtualMachines/jdk-22.jdk/Contents/Home/lib/libjimage.dylib
0x000000010410a000 	/Library/Java/JavaVirtualMachines/jdk-22.jdk/Contents/Home/lib/libinstrument.dylib
0x0000000104150000 	/Library/Java/JavaVirtualMachines/jdk-22.jdk/Contents/Home/lib/libjava.dylib
0x0000000104bdb000 	/Library/Java/JavaVirtualMachines/jdk-22.jdk/Contents/Home/lib/libzip.dylib
0x0000000104bf3000 	/Library/Java/JavaVirtualMachines/jdk-22.jdk/Contents/Home/lib/libnio.dylib
0x0000000104c13000 	/Library/Java/JavaVirtualMachines/jdk-22.jdk/Contents/Home/lib/libnet.dylib
0x0000000104c2b000 	/Library/Java/JavaVirtualMachines/jdk-22.jdk/Contents/Home/lib/libextnet.dylib
0x0000000104c3f000 	/Library/Java/JavaVirtualMachines/jdk-22.jdk/Contents/Home/lib/libmanagement.dylib
0x0000000104cf6000 	/Library/Java/JavaVirtualMachines/jdk-22.jdk/Contents/Home/lib/libawt.dylib
0x0000000104e63000 	/Library/Java/JavaVirtualMachines/jdk-22.jdk/Contents/Home/lib/libmlib_image.dylib
0x00007ffa21053000 	/System/Library/Frameworks/JavaRuntimeSupport.framework/Versions/A/JavaRuntimeSupport
0x00007ff907bf1000 	/System/Library/Frameworks/Carbon.framework/Versions/A/Carbon
0x00007ff815a91000 	/System/Library/PrivateFrameworks/CoreSymbolication.framework/Versions/A/CoreSymbolication
0x00007ff81b036000 	/System/Library/Frameworks/Carbon.framework/Versions/A/Frameworks/CommonPanels.framework/Versions/A/CommonPanels
0x00007ff8170c7000 	/System/Library/Frameworks/Carbon.framework/Versions/A/Frameworks/Help.framework/Versions/A/Help
0x00007ff81b03a000 	/System/Library/Frameworks/Carbon.framework/Versions/A/Frameworks/ImageCapture.framework/Versions/A/ImageCapture
0x00007ff81b00a000 	/System/Library/Frameworks/Carbon.framework/Versions/A/Frameworks/OpenScripting.framework/Versions/A/OpenScripting
0x00007ff81b032000 	/System/Library/Frameworks/Carbon.framework/Versions/A/Frameworks/Ink.framework/Versions/A/Ink
0x00007ff907bed000 	/System/Library/Frameworks/Carbon.framework/Versions/A/Frameworks/Print.framework/Versions/A/Print
0x00007ff81b02e000 	/System/Library/Frameworks/Carbon.framework/Versions/A/Frameworks/SecurityHI.framework/Versions/A/SecurityHI
0x00007ff815a56000 	/System/Library/PrivateFrameworks/DebugSymbols.framework/Versions/A/DebugSymbols
0x0000000104c53000 	/Library/Java/JavaVirtualMachines/jdk-22.jdk/Contents/Home/lib/libmanagement_ext.dylib
0x0000000105033000 	/Library/Java/JavaVirtualMachines/jdk-22.jdk/Contents/Home/lib/libawt_lwawt.dylib
0x0000000104c8c000 	/Library/Java/JavaVirtualMachines/jdk-22.jdk/Contents/Home/lib/libosxapp.dylib
0x00007ff906ebb000 	/System/Library/Frameworks/ExceptionHandling.framework/Versions/A/ExceptionHandling
0x000000011078d000 	/Library/Java/JavaVirtualMachines/jdk-22.jdk/Contents/Home/lib/libfontmanager.dylib
0x0000000104f0f000 	/Library/Java/JavaVirtualMachines/jdk-22.jdk/Contents/Home/lib/libfreetype.dylib
0x00007ff80515d000 	/System/Library/PrivateFrameworks/CoreServicesInternal.framework/Versions/A/CoreServicesInternal
0x00007ff814e07000 	/System/Library/Frameworks/FileProvider.framework/Versions/A/FileProvider
0x00007ff808e02000 	/System/Library/Frameworks/Accounts.framework/Versions/A/Accounts
0x00007ff814f80000 	/System/Library/PrivateFrameworks/GenerationalStorage.framework/Versions/A/GenerationalStorage
0x00007ff81480b000 	/System/Library/PrivateFrameworks/SymptomDiagnosticReporter.framework/Versions/A/SymptomDiagnosticReporter
0x00007ff806422000 	/System/Library/PrivateFrameworks/DesktopServicesPriv.framework/Versions/A/DesktopServicesPriv
0x00007ff8052a0000 	/usr/lib/libsandbox.1.dylib
0x00007ff80a14e000 	/System/Library/PrivateFrameworks/UserManagement.framework/Versions/A/UserManagement
0x00007ff810774000 	/System/Library/PrivateFrameworks/NetAuth.framework/Versions/A/NetAuth
0x00007ff811683000 	/System/Library/PrivateFrameworks/Sharing.framework/Versions/A/Sharing
0x00007ff80a121000 	/System/Library/PrivateFrameworks/login.framework/Versions/A/Frameworks/loginsupport.framework/Versions/A/loginsupport
0x00007ff816bf5000 	/System/Library/PrivateFrameworks/Apple80211.framework/Versions/A/Apple80211
0x00007ff80d327000 	/System/Library/PrivateFrameworks/AuthKit.framework/Versions/A/AuthKit
0x00007ff80c97c000 	/System/Library/PrivateFrameworks/CoreUtils.framework/Versions/A/CoreUtils
0x00007ff80c8a3000 	/System/Library/Frameworks/CoreWLAN.framework/Versions/A/CoreWLAN
0x00007ff8117e2000 	/System/Library/Frameworks/IOBluetooth.framework/Versions/A/IOBluetooth
0x00007ff816c5d000 	/System/Library/PrivateFrameworks/CoreWiFi.framework/Versions/A/CoreWiFi
0x00007ff81562a000 	/System/Library/PrivateFrameworks/FrontBoardServices.framework/Versions/A/FrontBoardServices
0x00007ff8156bb000 	/System/Library/PrivateFrameworks/BoardServices.framework/Versions/A/BoardServices
0x00007ff80cb8b000 	/System/Library/PrivateFrameworks/AssertionServices.framework/Versions/A/AssertionServices
0x00007ff816de0000 	/System/Library/PrivateFrameworks/BackBoardServices.framework/Versions/A/BackBoardServices
0x00007ff810bce000 	/System/Library/PrivateFrameworks/CorePhoneNumbers.framework/Versions/A/CorePhoneNumbers
0x00007ff810492000 	/System/Library/PrivateFrameworks/MultiverseSupport.framework/Versions/A/MultiverseSupport
0x00007ff817054000 	/System/Library/PrivateFrameworks/RemoteServiceDiscovery.framework/Versions/A/RemoteServiceDiscovery
0x00007ff814928000 	/System/Library/PrivateFrameworks/DiskManagement.framework/Versions/A/DiskManagement
0x00007ff81483c000 	/System/Library/PrivateFrameworks/AppleIDAuthSupport.framework/Versions/A/AppleIDAuthSupport
0x00007ffb02f66000 	/System/Library/PrivateFrameworks/AAAFoundation.framework/Versions/A/AAAFoundation
0x00007ff810baf000 	/System/Library/PrivateFrameworks/KeychainCircle.framework/Versions/A/KeychainCircle
0x00007ff817064000 	/System/Library/PrivateFrameworks/RemoteXPC.framework/Versions/A/RemoteXPC
0x00007ff8148f4000 	/System/Library/PrivateFrameworks/MediaKit.framework/Versions/A/MediaKit
0x00007ff814848000 	/System/Library/Frameworks/DiscRecording.framework/Versions/A/DiscRecording
0x00007ff80e17d000 	/usr/lib/libCoreStorage.dylib
0x00007ff8170cf000 	/usr/lib/libcsfde.dylib
0x00007ff8118af000 	/System/Library/PrivateFrameworks/ProtectedCloudStorage.framework/Versions/A/ProtectedCloudStorage
0x00007ff8170cb000 	/System/Library/PrivateFrameworks/EFILogin.framework/Versions/A/EFILogin
0x00007ff814fa6000 	/System/Library/PrivateFrameworks/OctagonTrust.framework/Versions/A/OctagonTrust
0x00007ffb0784e000 	/System/Library/PrivateFrameworks/CoreUtilsExtras.framework/Versions/A/CoreUtilsExtras
0x00007ff81476f000 	/System/Library/Frameworks/CoreBluetooth.framework/Versions/A/CoreBluetooth
0x00007ff817777000 	/System/Library/Frameworks/AudioUnit.framework/Versions/A/AudioUnit
0x00007ff80e175000 	/usr/lib/libMatch.1.dylib
0x00007ff90f97e000 	/System/Library/CoreServices/RawCamera.bundle/Contents/MacOS/RawCamera
0x00007ff810b4d000 	/System/Library/PrivateFrameworks/MobileAsset.framework/Versions/A/MobileAsset
0x00007ff81779e000 	/System/Library/PrivateFrameworks/StreamingZip.framework/Versions/A/StreamingZip
0x00007ffb04b42000 	/System/Library/PrivateFrameworks/CMPhoto.framework/Versions/A/CMPhoto
0x00007ff81592c000 	/System/Library/PrivateFrameworks/AppleVPA.framework/Versions/A/AppleVPA
0x00007ff80f52d000 	/System/Library/Frameworks/MediaToolbox.framework/Versions/A/MediaToolbox
0x00007ff814dd7000 	/System/Library/PrivateFrameworks/CoreAVCHD.framework/Versions/A/CoreAVCHD
0x00007ff813cac000 	/System/Library/Frameworks/MediaAccessibility.framework/Versions/A/MediaAccessibility
0x00007ff814dd3000 	/System/Library/PrivateFrameworks/Mangrove.framework/Versions/A/Mangrove
0x00007ff813cb7000 	/System/Library/PrivateFrameworks/AlgosScoreFramework.framework/Versions/A/AlgosScoreFramework
0x00007ff814a18000 	/System/Library/PrivateFrameworks/CoreAUC.framework/Versions/A/CoreAUC
0x00007ff90d1a7000 	/System/Library/Frameworks/Accelerate.framework/Versions/A/Frameworks/vImage.framework/Versions/A/Libraries/libCGInterfaces.dylib
0x0000000105002000 	/usr/lib/libobjc-trampolines.dylib
0x00007ff809e46000 	/System/Library/PrivateFrameworks/ViewBridge.framework/Versions/A/ViewBridge
0x00007ffb1b0bb000 	/usr/lib/libRosetta.dylib
0x00007ffa12a16000 	/System/Library/Extensions/AppleIntelBDWGraphicsMTLDriver.bundle/Contents/MacOS/AppleIntelBDWGraphicsMTLDriver
0x00007ff908b99000 	/System/Library/PrivateFrameworks/GPURawCounter.framework/Versions/A/GPURawCounter
0x0000000170161000 	/Library/Java/JavaVirtualMachines/jdk-22.jdk/Contents/Home/lib/libosxui.dylib
0x00007ff80e8cd000 	/System/Library/PrivateFrameworks/login.framework/Versions/A/login


VM Arguments:
jvm_args: -javaagent:/Applications/IntelliJ IDEA.app/Contents/lib/idea_rt.jar=53426:/Applications/IntelliJ IDEA.app/Contents/bin -Dfile.encoding=UTF-8 -Dsun.stdout.encoding=UTF-8 -Dsun.stderr.encoding=UTF-8 
java_command: Authentication.UserLogin
java_class_path (initial): /Users/apple/IdeaProjects/collegeadmissionsystem2/out/production/collegeadmissionsystem2
Launcher Type: SUN_STANDARD

[Global flags]
     intx CICompilerCount                          = 3                                         {product} {ergonomic}
     uint ConcGCThreads                            = 1                                         {product} {ergonomic}
     uint G1ConcRefinementThreads                  = 4                                         {product} {ergonomic}
   size_t G1HeapRegionSize                         = 1048576                                   {product} {ergonomic}
   size_t InitialHeapSize                          = 134217728                                 {product} {ergonomic}
   size_t MarkStackSize                            = 4194304                                   {product} {ergonomic}
   size_t MaxHeapSize                              = 2147483648                                {product} {ergonomic}
   size_t MaxNewSize                               = 1287651328                                {product} {ergonomic}
   size_t MinHeapDeltaBytes                        = 1048576                                   {product} {ergonomic}
   size_t MinHeapSize                              = 8388608                                   {product} {ergonomic}
    uintx NonNMethodCodeHeapSize                   = 5832780                                {pd product} {ergonomic}
    uintx NonProfiledCodeHeapSize                  = 122912730                              {pd product} {ergonomic}
    uintx ProfiledCodeHeapSize                     = 122912730                              {pd product} {ergonomic}
    uintx ReservedCodeCacheSize                    = 251658240                              {pd product} {ergonomic}
     bool SegmentedCodeCache                       = true                                      {product} {ergonomic}
   size_t SoftMaxHeapSize                          = 2147483648                             {manageable} {ergonomic}
     bool UseCompressedOops                        = true                           {product lp64_product} {ergonomic}
     bool UseG1GC                                  = true                                      {product} {ergonomic}
     bool UseNUMA                                  = false                                     {product} {ergonomic}
     bool UseNUMAInterleaving                      = false                                     {product} {ergonomic}

Logging:
Log output configuration:
 #0: stdout all=warning uptime,level,tags foldmultilines=false
 #1: stderr all=off uptime,level,tags foldmultilines=false

Environment Variables:
JAVA_HOME=/Library/Java/JavaVirtualMachines/jdk-22.jdk/Contents/Home
PATH=/Library/Java/JavaVirtualMachines/jdk-22.jdk/Contents/Home/bin:/usr/local/bin:/usr/bin:/bin:/usr/sbin:/sbin
SHELL=/bin/zsh
LC_CTYPE=en_US.UTF-8
TMPDIR=/var/folders/ms/wcrc8v0j6hbb61kxyz8mr58r0000gn/T/

Active Locale:
LC_ALL=C/en_US.UTF-8/C/C/C/C
LC_COLLATE=C
LC_CTYPE=en_US.UTF-8
LC_MESSAGES=C
LC_MONETARY=C
LC_NUMERIC=C
LC_TIME=C

Signal Handlers:
   SIGSEGV: crash_handler in libjvm.dylib, mask=11100110000111110111111111111111, flags=SA_ONSTACK|SA_RESTART|SA_SIGINFO, unblocked
    SIGBUS: crash_handler in libjvm.dylib, mask=11100110000111110111111111111111, flags=SA_RESTART|SA_SIGINFO, unblocked
    SIGFPE: crash_handler in libjvm.dylib, mask=11100110000111110111111111111111, flags=SA_RESTART|SA_SIGINFO, unblocked
   SIGPIPE: javaSignalHandler in libjvm.dylib, mask=11100110000111110111111111111111, flags=SA_RESTART|SA_SIGINFO, blocked
   SIGXFSZ: javaSignalHandler in libjvm.dylib, mask=11100110000111110111111111111111, flags=SA_RESTART|SA_SIGINFO, blocked
    SIGILL: crash_handler in libjvm.dylib, mask=11100110000111110111111111111111, flags=SA_RESTART|SA_SIGINFO, unblocked
   SIGUSR2: SR_handler in libjvm.dylib, mask=00000000000000000000000000000000, flags=SA_RESTART|SA_SIGINFO, blocked
    SIGHUP: UserHandler in libjvm.dylib, mask=11100110000111110111111111111111, flags=SA_RESTART|SA_SIGINFO, blocked
    SIGINT: UserHandler in libjvm.dylib, mask=11100110000111110111111111111111, flags=SA_RESTART|SA_SIGINFO, blocked
   SIGTERM: UserHandler in libjvm.dylib, mask=11100110000111110111111111111111, flags=SA_RESTART|SA_SIGINFO, blocked
   SIGQUIT: UserHandler in libjvm.dylib, mask=11100110000111110111111111111111, flags=SA_RESTART|SA_SIGINFO, blocked
   SIGTRAP: crash_handler in libjvm.dylib, mask=11100110000111110111111111111111, flags=SA_RESTART|SA_SIGINFO, unblocked


Periodic native trim disabled

---------------  S Y S T E M  ---------------

OS:
uname: Darwin 21.6.0 Darwin Kernel Version 21.6.0: Mon Jun 24 00:56:10 PDT 2024; root:xnu-8020.240.18.709.2~1/RELEASE_X86_64 x86_64
OS uptime: 0 days 11:03 hours
rlimit (soft/hard): STACK 8192k/65532k , CORE 0k/infinity , NPROC 1392/2088 , NOFILE 10240/infinity , AS infinity/infinity , CPU infinity/infinity , DATA infinity/infinity , FSIZE infinity/infinity , MEMLOCK infinity/infinity , RSS infinity/infinity
load average: 3.89 5.67 5.46

CPU: total 4 (initial active 4) (2 cores per cpu, 2 threads per core) family 6 model 61 stepping 4 microcode 0x2f, cx8, cmov, fxsr, ht, mmx, 3dnowpref, sse, sse2, sse3, ssse3, sse4.1, sse4.2, popcnt, lzcnt, tsc, tscinvbit, avx, avx2, aes, erms, clmul, bmi1, bmi2, rtm, adx, fma, vzeroupper, clflush, rdtscp, f16c
machdep.cpu.brand_string:Intel(R) Core(TM) i5-5350U CPU @ 1.80GHz
hw.cpufrequency:1800000000
hw.cpufrequency_min:1800000000
hw.cpufrequency_max:1800000000
hw.cachelinesize:64
hw.l1icachesize:32768
hw.l1dcachesize:32768
hw.l2cachesize:262144
hw.l3cachesize:3145728

Memory: 4k page, physical 8388608k(27432k free), swap 2097152k(488448k free)

vm_info: Java HotSpot(TM) 64-Bit Server VM (22.0.2+9-70) for bsd-amd64 JRE (22.0.2+9-70), built on 2024-06-04T16:52:23Z by "mach5one" with clang Apple LLVM 14.0.3 (clang-1403.0.22.14.1)

END.
